sourcing setup hook '/nix/store/33jvc2jsv20lsx8dp0pwf0rr7xhwwpq9-patchelf-0.15.0/nix-support/setuphook'
sourcing setup hook '/nix/store/qmavq4i2rh012ggwb5fxlvp3pzhxmbkl-update-autotools-gnu-config-scripts-hook/nix-support/setuphook'
sourcing setup hook '/nix/store/h9lc1dpi14z7is86ffhl3ld569138595-audit-tmpdir.sh'
sourcing setup hook '/nix/store/m54bmrhj6fqz8nds5zcj97w9s9bckc9v-compress-man-pages.sh'
sourcing setup hook '/nix/store/wgrbkkaldkrlrni33ccvm3b6vbxzb656-make-symlinks-relative.sh'
sourcing setup hook '/nix/store/5yzw0vhkyszf2d179m0qfkgxmp5wjjx4-move-docs.sh'
sourcing setup hook '/nix/store/fyaryjvghbkpfnsyw97hb3lyb37s1pd6-move-lib64.sh'
sourcing setup hook '/nix/store/kd4xwxjpjxi71jkm6ka0np72if9rm3y0-move-sbin.sh'
sourcing setup hook '/nix/store/pag6l61paj1dc9sv15l7bm5c17xn5kyk-move-systemd-user-units.sh'
sourcing setup hook '/nix/store/jivxp510zxakaaic7qkrb7v1dd2rdbw9-multiple-outputs.sh'
sourcing setup hook '/nix/store/wzdsbnv2ba3nj91aql8jjdddfmkkdh7h-patch-shebangs.sh'
sourcing setup hook '/nix/store/cickvswrvann041nqxb0rxilc46svw1n-prune-libtool-files.sh'
sourcing setup hook '/nix/store/xyff06pkhki3qy1ls77w10s0v79c9il0-reproducible-builds.sh'
sourcing setup hook '/nix/store/ngg1cv31c8c7bcm2n8ww4g06nq7s4zhm-set-source-date-epoch-to-latest.sh'
sourcing setup hook '/nix/store/wmknncrif06fqxa16hpdldhixk95nds0-strip.sh'
sourcing setup hook '/nix/store/w0x01w0vcdzvaj90axjxq6w2p290cp5m-gcc-wrapper-13.2.0/nix-support/setuphook'
sourcing setup hook '/nix/store/1byi00pspg4j6jpvaj4xn2mfkyh28g9g-binutils-wrapper-2.40/nix-support/setuphook'
calling 'envHostHostHook' function hook 'ccWrapper_addCVars' /nix/store/qqi6nv39izi4d00gkd2d3wyyp54b6s0k-ghc-9.4.8
calling 'envHostHostHook' function hook 'bintoolsWrapper_addLDVars' /nix/store/qqi6nv39izi4d00gkd2d3wyyp54b6s0k-ghc-9.4.8
calling 'envHostHostHook' function hook 'ccWrapper_addCVars' /nix/store/rjr6i57xramlcmsjddmfx96zy115rzh7-ncurses-6.4
calling 'envHostHostHook' function hook 'bintoolsWrapper_addLDVars' /nix/store/rjr6i57xramlcmsjddmfx96zy115rzh7-ncurses-6.4
calling 'envHostHostHook' function hook 'ccWrapper_addCVars' /nix/store/p26bka6ccd220wyyng0c37whkz8hfxxc-libffi-3.4.4
calling 'envHostHostHook' function hook 'bintoolsWrapper_addLDVars' /nix/store/p26bka6ccd220wyyng0c37whkz8hfxxc-libffi-3.4.4
calling 'envHostHostHook' function hook 'ccWrapper_addCVars' /nix/store/24lp9fzkrsl9bnw03x0wnv6vzv6pxyn5-gmp-with-cxx-6.3.0
calling 'envHostHostHook' function hook 'bintoolsWrapper_addLDVars' /nix/store/24lp9fzkrsl9bnw03x0wnv6vzv6pxyn5-gmp-with-cxx-6.3.0
calling 'envHostHostHook' function hook 'ccWrapper_addCVars' /nix/store/8rim7a5smjhy8szsgf8aqgrdq2aq3ran-remove-references-to
calling 'envHostHostHook' function hook 'bintoolsWrapper_addLDVars' /nix/store/8rim7a5smjhy8szsgf8aqgrdq2aq3ran-remove-references-to
calling 'envHostHostHook' function hook 'ccWrapper_addCVars' /nix/store/33jvc2jsv20lsx8dp0pwf0rr7xhwwpq9-patchelf-0.15.0
calling 'envHostHostHook' function hook 'bintoolsWrapper_addLDVars' /nix/store/33jvc2jsv20lsx8dp0pwf0rr7xhwwpq9-patchelf-0.15.0
calling 'envHostHostHook' function hook 'ccWrapper_addCVars' /nix/store/qmavq4i2rh012ggwb5fxlvp3pzhxmbkl-update-autotools-gnu-config-scripts-hook
calling 'envHostHostHook' function hook 'bintoolsWrapper_addLDVars' /nix/store/qmavq4i2rh012ggwb5fxlvp3pzhxmbkl-update-autotools-gnu-config-scripts-hook
calling 'envHostHostHook' function hook 'ccWrapper_addCVars' /nix/store/h9lc1dpi14z7is86ffhl3ld569138595-audit-tmpdir.sh
calling 'envHostHostHook' function hook 'bintoolsWrapper_addLDVars' /nix/store/h9lc1dpi14z7is86ffhl3ld569138595-audit-tmpdir.sh
calling 'envHostHostHook' function hook 'ccWrapper_addCVars' /nix/store/m54bmrhj6fqz8nds5zcj97w9s9bckc9v-compress-man-pages.sh
calling 'envHostHostHook' function hook 'bintoolsWrapper_addLDVars' /nix/store/m54bmrhj6fqz8nds5zcj97w9s9bckc9v-compress-man-pages.sh
calling 'envHostHostHook' function hook 'ccWrapper_addCVars' /nix/store/wgrbkkaldkrlrni33ccvm3b6vbxzb656-make-symlinks-relative.sh
calling 'envHostHostHook' function hook 'bintoolsWrapper_addLDVars' /nix/store/wgrbkkaldkrlrni33ccvm3b6vbxzb656-make-symlinks-relative.sh
calling 'envHostHostHook' function hook 'ccWrapper_addCVars' /nix/store/5yzw0vhkyszf2d179m0qfkgxmp5wjjx4-move-docs.sh
calling 'envHostHostHook' function hook 'bintoolsWrapper_addLDVars' /nix/store/5yzw0vhkyszf2d179m0qfkgxmp5wjjx4-move-docs.sh
calling 'envHostHostHook' function hook 'ccWrapper_addCVars' /nix/store/fyaryjvghbkpfnsyw97hb3lyb37s1pd6-move-lib64.sh
calling 'envHostHostHook' function hook 'bintoolsWrapper_addLDVars' /nix/store/fyaryjvghbkpfnsyw97hb3lyb37s1pd6-move-lib64.sh
calling 'envHostHostHook' function hook 'ccWrapper_addCVars' /nix/store/kd4xwxjpjxi71jkm6ka0np72if9rm3y0-move-sbin.sh
calling 'envHostHostHook' function hook 'bintoolsWrapper_addLDVars' /nix/store/kd4xwxjpjxi71jkm6ka0np72if9rm3y0-move-sbin.sh
calling 'envHostHostHook' function hook 'ccWrapper_addCVars' /nix/store/pag6l61paj1dc9sv15l7bm5c17xn5kyk-move-systemd-user-units.sh
calling 'envHostHostHook' function hook 'bintoolsWrapper_addLDVars' /nix/store/pag6l61paj1dc9sv15l7bm5c17xn5kyk-move-systemd-user-units.sh
calling 'envHostHostHook' function hook 'ccWrapper_addCVars' /nix/store/jivxp510zxakaaic7qkrb7v1dd2rdbw9-multiple-outputs.sh
calling 'envHostHostHook' function hook 'bintoolsWrapper_addLDVars' /nix/store/jivxp510zxakaaic7qkrb7v1dd2rdbw9-multiple-outputs.sh
calling 'envHostHostHook' function hook 'ccWrapper_addCVars' /nix/store/wzdsbnv2ba3nj91aql8jjdddfmkkdh7h-patch-shebangs.sh
calling 'envHostHostHook' function hook 'bintoolsWrapper_addLDVars' /nix/store/wzdsbnv2ba3nj91aql8jjdddfmkkdh7h-patch-shebangs.sh
calling 'envHostHostHook' function hook 'ccWrapper_addCVars' /nix/store/cickvswrvann041nqxb0rxilc46svw1n-prune-libtool-files.sh
calling 'envHostHostHook' function hook 'bintoolsWrapper_addLDVars' /nix/store/cickvswrvann041nqxb0rxilc46svw1n-prune-libtool-files.sh
calling 'envHostHostHook' function hook 'ccWrapper_addCVars' /nix/store/xyff06pkhki3qy1ls77w10s0v79c9il0-reproducible-builds.sh
calling 'envHostHostHook' function hook 'bintoolsWrapper_addLDVars' /nix/store/xyff06pkhki3qy1ls77w10s0v79c9il0-reproducible-builds.sh
calling 'envHostHostHook' function hook 'ccWrapper_addCVars' /nix/store/ngg1cv31c8c7bcm2n8ww4g06nq7s4zhm-set-source-date-epoch-to-latest.sh
calling 'envHostHostHook' function hook 'bintoolsWrapper_addLDVars' /nix/store/ngg1cv31c8c7bcm2n8ww4g06nq7s4zhm-set-source-date-epoch-to-latest.sh
calling 'envHostHostHook' function hook 'ccWrapper_addCVars' /nix/store/wmknncrif06fqxa16hpdldhixk95nds0-strip.sh
calling 'envHostHostHook' function hook 'bintoolsWrapper_addLDVars' /nix/store/wmknncrif06fqxa16hpdldhixk95nds0-strip.sh
calling 'envHostHostHook' function hook 'ccWrapper_addCVars' /nix/store/w0x01w0vcdzvaj90axjxq6w2p290cp5m-gcc-wrapper-13.2.0
calling 'envHostHostHook' function hook 'bintoolsWrapper_addLDVars' /nix/store/w0x01w0vcdzvaj90axjxq6w2p290cp5m-gcc-wrapper-13.2.0
calling 'envHostHostHook' function hook 'ccWrapper_addCVars' /nix/store/1byi00pspg4j6jpvaj4xn2mfkyh28g9g-binutils-wrapper-2.40
calling 'envHostHostHook' function hook 'bintoolsWrapper_addLDVars' /nix/store/1byi00pspg4j6jpvaj4xn2mfkyh28g9g-binutils-wrapper-2.40
calling 'envHostTargetHook' function hook 'ccWrapper_addCVars' /nix/store/qqi6nv39izi4d00gkd2d3wyyp54b6s0k-ghc-9.4.8
calling 'envHostTargetHook' function hook 'bintoolsWrapper_addLDVars' /nix/store/qqi6nv39izi4d00gkd2d3wyyp54b6s0k-ghc-9.4.8
calling 'envHostTargetHook' function hook 'ccWrapper_addCVars' /nix/store/rjr6i57xramlcmsjddmfx96zy115rzh7-ncurses-6.4
calling 'envHostTargetHook' function hook 'bintoolsWrapper_addLDVars' /nix/store/rjr6i57xramlcmsjddmfx96zy115rzh7-ncurses-6.4
calling 'envHostTargetHook' function hook 'ccWrapper_addCVars' /nix/store/p26bka6ccd220wyyng0c37whkz8hfxxc-libffi-3.4.4
calling 'envHostTargetHook' function hook 'bintoolsWrapper_addLDVars' /nix/store/p26bka6ccd220wyyng0c37whkz8hfxxc-libffi-3.4.4
calling 'envHostTargetHook' function hook 'ccWrapper_addCVars' /nix/store/24lp9fzkrsl9bnw03x0wnv6vzv6pxyn5-gmp-with-cxx-6.3.0
calling 'envHostTargetHook' function hook 'bintoolsWrapper_addLDVars' /nix/store/24lp9fzkrsl9bnw03x0wnv6vzv6pxyn5-gmp-with-cxx-6.3.0
calling 'envHostTargetHook' function hook 'ccWrapper_addCVars' /nix/store/8rim7a5smjhy8szsgf8aqgrdq2aq3ran-remove-references-to
calling 'envHostTargetHook' function hook 'bintoolsWrapper_addLDVars' /nix/store/8rim7a5smjhy8szsgf8aqgrdq2aq3ran-remove-references-to
calling 'envHostTargetHook' function hook 'ccWrapper_addCVars' /nix/store/33jvc2jsv20lsx8dp0pwf0rr7xhwwpq9-patchelf-0.15.0
calling 'envHostTargetHook' function hook 'bintoolsWrapper_addLDVars' /nix/store/33jvc2jsv20lsx8dp0pwf0rr7xhwwpq9-patchelf-0.15.0
calling 'envHostTargetHook' function hook 'ccWrapper_addCVars' /nix/store/qmavq4i2rh012ggwb5fxlvp3pzhxmbkl-update-autotools-gnu-config-scripts-hook
calling 'envHostTargetHook' function hook 'bintoolsWrapper_addLDVars' /nix/store/qmavq4i2rh012ggwb5fxlvp3pzhxmbkl-update-autotools-gnu-config-scripts-hook
calling 'envHostTargetHook' function hook 'ccWrapper_addCVars' /nix/store/h9lc1dpi14z7is86ffhl3ld569138595-audit-tmpdir.sh
calling 'envHostTargetHook' function hook 'bintoolsWrapper_addLDVars' /nix/store/h9lc1dpi14z7is86ffhl3ld569138595-audit-tmpdir.sh
calling 'envHostTargetHook' function hook 'ccWrapper_addCVars' /nix/store/m54bmrhj6fqz8nds5zcj97w9s9bckc9v-compress-man-pages.sh
calling 'envHostTargetHook' function hook 'bintoolsWrapper_addLDVars' /nix/store/m54bmrhj6fqz8nds5zcj97w9s9bckc9v-compress-man-pages.sh
calling 'envHostTargetHook' function hook 'ccWrapper_addCVars' /nix/store/wgrbkkaldkrlrni33ccvm3b6vbxzb656-make-symlinks-relative.sh
calling 'envHostTargetHook' function hook 'bintoolsWrapper_addLDVars' /nix/store/wgrbkkaldkrlrni33ccvm3b6vbxzb656-make-symlinks-relative.sh
calling 'envHostTargetHook' function hook 'ccWrapper_addCVars' /nix/store/5yzw0vhkyszf2d179m0qfkgxmp5wjjx4-move-docs.sh
calling 'envHostTargetHook' function hook 'bintoolsWrapper_addLDVars' /nix/store/5yzw0vhkyszf2d179m0qfkgxmp5wjjx4-move-docs.sh
calling 'envHostTargetHook' function hook 'ccWrapper_addCVars' /nix/store/fyaryjvghbkpfnsyw97hb3lyb37s1pd6-move-lib64.sh
calling 'envHostTargetHook' function hook 'bintoolsWrapper_addLDVars' /nix/store/fyaryjvghbkpfnsyw97hb3lyb37s1pd6-move-lib64.sh
calling 'envHostTargetHook' function hook 'ccWrapper_addCVars' /nix/store/kd4xwxjpjxi71jkm6ka0np72if9rm3y0-move-sbin.sh
calling 'envHostTargetHook' function hook 'bintoolsWrapper_addLDVars' /nix/store/kd4xwxjpjxi71jkm6ka0np72if9rm3y0-move-sbin.sh
calling 'envHostTargetHook' function hook 'ccWrapper_addCVars' /nix/store/pag6l61paj1dc9sv15l7bm5c17xn5kyk-move-systemd-user-units.sh
calling 'envHostTargetHook' function hook 'bintoolsWrapper_addLDVars' /nix/store/pag6l61paj1dc9sv15l7bm5c17xn5kyk-move-systemd-user-units.sh
calling 'envHostTargetHook' function hook 'ccWrapper_addCVars' /nix/store/jivxp510zxakaaic7qkrb7v1dd2rdbw9-multiple-outputs.sh
calling 'envHostTargetHook' function hook 'bintoolsWrapper_addLDVars' /nix/store/jivxp510zxakaaic7qkrb7v1dd2rdbw9-multiple-outputs.sh
calling 'envHostTargetHook' function hook 'ccWrapper_addCVars' /nix/store/wzdsbnv2ba3nj91aql8jjdddfmkkdh7h-patch-shebangs.sh
calling 'envHostTargetHook' function hook 'bintoolsWrapper_addLDVars' /nix/store/wzdsbnv2ba3nj91aql8jjdddfmkkdh7h-patch-shebangs.sh
calling 'envHostTargetHook' function hook 'ccWrapper_addCVars' /nix/store/cickvswrvann041nqxb0rxilc46svw1n-prune-libtool-files.sh
calling 'envHostTargetHook' function hook 'bintoolsWrapper_addLDVars' /nix/store/cickvswrvann041nqxb0rxilc46svw1n-prune-libtool-files.sh
calling 'envHostTargetHook' function hook 'ccWrapper_addCVars' /nix/store/xyff06pkhki3qy1ls77w10s0v79c9il0-reproducible-builds.sh
calling 'envHostTargetHook' function hook 'bintoolsWrapper_addLDVars' /nix/store/xyff06pkhki3qy1ls77w10s0v79c9il0-reproducible-builds.sh
calling 'envHostTargetHook' function hook 'ccWrapper_addCVars' /nix/store/ngg1cv31c8c7bcm2n8ww4g06nq7s4zhm-set-source-date-epoch-to-latest.sh
calling 'envHostTargetHook' function hook 'bintoolsWrapper_addLDVars' /nix/store/ngg1cv31c8c7bcm2n8ww4g06nq7s4zhm-set-source-date-epoch-to-latest.sh
calling 'envHostTargetHook' function hook 'ccWrapper_addCVars' /nix/store/wmknncrif06fqxa16hpdldhixk95nds0-strip.sh
calling 'envHostTargetHook' function hook 'bintoolsWrapper_addLDVars' /nix/store/wmknncrif06fqxa16hpdldhixk95nds0-strip.sh
calling 'envHostTargetHook' function hook 'ccWrapper_addCVars' /nix/store/w0x01w0vcdzvaj90axjxq6w2p290cp5m-gcc-wrapper-13.2.0
calling 'envHostTargetHook' function hook 'bintoolsWrapper_addLDVars' /nix/store/w0x01w0vcdzvaj90axjxq6w2p290cp5m-gcc-wrapper-13.2.0
calling 'envHostTargetHook' function hook 'ccWrapper_addCVars' /nix/store/1byi00pspg4j6jpvaj4xn2mfkyh28g9g-binutils-wrapper-2.40
calling 'envHostTargetHook' function hook 'bintoolsWrapper_addLDVars' /nix/store/1byi00pspg4j6jpvaj4xn2mfkyh28g9g-binutils-wrapper-2.40
@nix { "action": "setPhase", "phase": "setupCompilerEnvironmentPhase" }
Running phase: setupCompilerEnvironmentPhase
Build with /nix/store/qqi6nv39izi4d00gkd2d3wyyp54b6s0k-ghc-9.4.8.
@nix { "action": "setPhase", "phase": "unpackPhase" }
Running phase: unpackPhase
unpacking source archive /nix/store/vbcisx90wrx657pa1iapmk38wvrv9p6p-hscolour-1.24.4.tar.gz
calling 'unpackCmd' function hook '_defaultUnpack' /nix/store/vbcisx90wrx657pa1iapmk38wvrv9p6p-hscolour-1.24.4.tar.gz
source root is hscolour-1.24.4
calling 'postUnpack' function hook '_updateSourceDateEpochFromSourceRoot'
setting SOURCE_DATE_EPOCH to timestamp 1512069381 of file hscolour-1.24.4/Setup.hs
@nix { "action": "setPhase", "phase": "patchPhase" }
Running phase: patchPhase
@nix { "action": "setPhase", "phase": "compileBuildDriverPhase" }
Running phase: compileBuildDriverPhase
setupCompileFlags: -package-db=/build/tmp.GuGS04xjYV/setup-package.conf.d -j4 +RTS -A64M -RTS -threaded -rtsopts
[1 of 2] Compiling Main             ( Setup.hs, /build/tmp.GuGS04xjYV/Main.o )
[2 of 2] Linking Setup
@nix { "action": "setPhase", "phase": "updateAutotoolsGnuConfigScriptsPhase" }
Running phase: updateAutotoolsGnuConfigScriptsPhase
@nix { "action": "setPhase", "phase": "configurePhase" }
Running phase: configurePhase
calling 'preConfigure' function hook '_multioutConfig'
configureFlags: --verbose --prefix=/nix/store/fgs1ji7bgr775qam4qh9ik4lqa2mn697-hscolour-1.24.4 --libdir=$prefix/lib/$compiler --libsubdir=$abi/$libname --datadir=/nix/store/10bgzrvviv31pm4shcvsq9alqcv5ylj0-hscolour-1.24.4-data/share/ghc-9.4.8 --docdir=/nix/store/j2lmlyjn8qs14cq4vd9pxqljwc26m6rs-hscolour-1.24.4-doc/share/doc/hscolour-1.24.4 --with-gcc=gcc --package-db=/build/tmp.GuGS04xjYV/package.conf.d --ghc-options=-j4 +RTS -A64M -RTS --disable-split-objs --enable-library-profiling --profiling-detail=exported-functions --disable-profiling --enable-shared --disable-coverage --enable-static --disable-executable-dynamic --enable-tests --disable-benchmarks --enable-library-vanilla --disable-library-for-ghci --ghc-option=-split-sections --ghc-options=-haddock --extra-lib-dirs=/nix/store/rjr6i57xramlcmsjddmfx96zy115rzh7-ncurses-6.4/lib --extra-lib-dirs=/nix/store/p26bka6ccd220wyyng0c37whkz8hfxxc-libffi-3.4.4/lib --extra-lib-dirs=/nix/store/24lp9fzkrsl9bnw03x0wnv6vzv6pxyn5-gmp-with-cxx-6.3.0/lib
Using Parsec parser
Configuring hscolour-1.24.4...
Dependency base <10: using base-4.17.2.1
Dependency containers: using containers-0.6.7
Dependency base <10: using base-4.17.2.1
Dependency containers: using containers-0.6.7
Source component graph:
    component exe:HsColour
    component lib
Configured component graph:
    component hscolour-1.24.4-5RS8FtPMpECDDpJ0B5M5Ch-HsColour
        include base-4.17.2.1
        include containers-0.6.7
    component hscolour-1.24.4-LikLhFzbJcNJDzssHOMzuH
        include base-4.17.2.1
        include containers-0.6.7
Linked component graph:
    unit hscolour-1.24.4-5RS8FtPMpECDDpJ0B5M5Ch-HsColour
        include base-4.17.2.1
        include containers-0.6.7
    unit hscolour-1.24.4-LikLhFzbJcNJDzssHOMzuH
        include base-4.17.2.1
        include containers-0.6.7
        Language.Haskell.HsColour=hscolour-1.24.4-LikLhFzbJcNJDzssHOMzuH:Language.Haskell.HsColour,Language.Haskell.HsColour.ACSS=hscolour-1.24.4-LikLhFzbJcNJDzssHOMzuH:Language.Haskell.HsColour.ACSS,Language.Haskell.HsColour.ANSI=hscolour-1.24.4-LikLhFzbJcNJDzssHOMzuH:Language.Haskell.HsColour.ANSI,Language.Haskell.HsColour.Anchors=hscolour-1.24.4-LikLhFzbJcNJDzssHOMzuH:Language.Haskell.HsColour.Anchors,Language.Haskell.HsColour.CSS=hscolour-1.24.4-LikLhFzbJcNJDzssHOMzuH:Language.Haskell.HsColour.CSS,Language.Haskell.HsColour.Classify=hscolour-1.24.4-LikLhFzbJcNJDzssHOMzuH:Language.Haskell.HsColour.Classify,Language.Haskell.HsColour.ColourHighlight=hscolour-1.24.4-LikLhFzbJcNJDzssHOMzuH:Language.Haskell.HsColour.ColourHighlight,Language.Haskell.HsColour.Colourise=hscolour-1.24.4-LikLhFzbJcNJDzssHOMzuH:Language.Haskell.HsColour.Colourise,Language.Haskell.HsColour.General=hscolour-1.24.4-LikLhFzbJcNJDzssHOMzuH:Language.Haskell.HsColour.General,Language.Haskell.HsColour.HTML=hscolour-1.24.4-LikLhFzbJcNJDzssHOMzuH:Language.Haskell.HsColour.HTML,Language.Haskell.HsColour.InlineCSS=hscolour-1.24.4-LikLhFzbJcNJDzssHOMzuH:Language.Haskell.HsColour.InlineCSS,Language.Haskell.HsColour.LaTeX=hscolour-1.24.4-LikLhFzbJcNJDzssHOMzuH:Language.Haskell.HsColour.LaTeX,Language.Haskell.HsColour.MIRC=hscolour-1.24.4-LikLhFzbJcNJDzssHOMzuH:Language.Haskell.HsColour.MIRC,Language.Haskell.HsColour.Options=hscolour-1.24.4-LikLhFzbJcNJDzssHOMzuH:Language.Haskell.HsColour.Options,Language.Haskell.HsColour.Output=hscolour-1.24.4-LikLhFzbJcNJDzssHOMzuH:Language.Haskell.HsColour.Output,Language.Haskell.HsColour.TTY=hscolour-1.24.4-LikLhFzbJcNJDzssHOMzuH:Language.Haskell.HsColour.TTY
Ready component graph:
    definite hscolour-1.24.4-LikLhFzbJcNJDzssHOMzuH
        depends base-4.17.2.1
        depends containers-0.6.7
    definite hscolour-1.24.4-5RS8FtPMpECDDpJ0B5M5Ch-HsColour
        depends base-4.17.2.1
        depends containers-0.6.7
Using Cabal-3.8.1.0 compiled by ghc-9.4
Using compiler: ghc-9.4.8
Using install prefix:
/nix/store/fgs1ji7bgr775qam4qh9ik4lqa2mn697-hscolour-1.24.4
Executables installed in:
/nix/store/fgs1ji7bgr775qam4qh9ik4lqa2mn697-hscolour-1.24.4/bin
Libraries installed in:
/nix/store/fgs1ji7bgr775qam4qh9ik4lqa2mn697-hscolour-1.24.4/lib/ghc-9.4.8/x86_64-linux-ghc-9.4.8/hscolour-1.24.4-LikLhFzbJcNJDzssHOMzuH
Dynamic Libraries installed in:
/nix/store/fgs1ji7bgr775qam4qh9ik4lqa2mn697-hscolour-1.24.4/lib/ghc-9.4.8/x86_64-linux-ghc-9.4.8
Private executables installed in:
/nix/store/fgs1ji7bgr775qam4qh9ik4lqa2mn697-hscolour-1.24.4/libexec/x86_64-linux-ghc-9.4.8/hscolour-1.24.4
Data files installed in:
/nix/store/10bgzrvviv31pm4shcvsq9alqcv5ylj0-hscolour-1.24.4-data/share/ghc-9.4.8/x86_64-linux-ghc-9.4.8/hscolour-1.24.4
Documentation installed in:
/nix/store/j2lmlyjn8qs14cq4vd9pxqljwc26m6rs-hscolour-1.24.4-doc/share/doc/hscolour-1.24.4
Configuration files installed in:
/nix/store/fgs1ji7bgr775qam4qh9ik4lqa2mn697-hscolour-1.24.4/etc
No alex found
Using ar found on system at:
/nix/store/cw1q6clkb33nhdrgqarqxp2gmipjf4pk-binutils-2.40/bin/ar
No c2hs found
No cpphs found
No doctest found
Using gcc version 13.2.0 given by user at:
/nix/store/w0x01w0vcdzvaj90axjxq6w2p290cp5m-gcc-wrapper-13.2.0/bin/gcc
Using ghc version 9.4.8 found on system at:
/nix/store/qqi6nv39izi4d00gkd2d3wyyp54b6s0k-ghc-9.4.8/bin/ghc
Using ghc-pkg version 9.4.8 found on system at:
/nix/store/qqi6nv39izi4d00gkd2d3wyyp54b6s0k-ghc-9.4.8/bin/ghc-pkg-9.4.8
No ghcjs found
No ghcjs-pkg found
No greencard found
Using haddock version 2.27.0 found on system at:
/nix/store/qqi6nv39izi4d00gkd2d3wyyp54b6s0k-ghc-9.4.8/bin/haddock-ghc-9.4.8
No happy found
Using haskell-suite found on system at: haskell-suite-dummy-location
Using haskell-suite-pkg found on system at: haskell-suite-pkg-dummy-location
No hmake found
Using hpc version 0.68 found on system at:
/nix/store/qqi6nv39izi4d00gkd2d3wyyp54b6s0k-ghc-9.4.8/bin/hpc
Using hsc2hs version 0.68.8 found on system at:
/nix/store/qqi6nv39izi4d00gkd2d3wyyp54b6s0k-ghc-9.4.8/bin/hsc2hs
Using hscolour version 1.24 found on system at:
/nix/store/n7wl9mn7j8bpsap9fdr4g9j77q04sxpz-hscolour-1.24.4/bin/HsColour
No jhc found
Using ld found on system at:
/nix/store/1byi00pspg4j6jpvaj4xn2mfkyh28g9g-binutils-wrapper-2.40/bin/ld.gold
No pkg-config found
Using runghc version 9.4.8 found on system at:
/nix/store/qqi6nv39izi4d00gkd2d3wyyp54b6s0k-ghc-9.4.8/bin/runghc-9.4.8
Using strip version 2.40 found on system at:
/nix/store/w0x01w0vcdzvaj90axjxq6w2p290cp5m-gcc-wrapper-13.2.0/bin/strip
Using tar found on system at:
/nix/store/pg6f4y7nr4dk7260a2m079k5mkq76b4r-gnutar-1.35/bin/tar
No uhc found
@nix { "action": "setPhase", "phase": "buildPhase" }
Running phase: buildPhase
Preprocessing library for hscolour-1.24.4..
Building library for hscolour-1.24.4..
[ 1 of 16] Compiling Language.Haskell.HsColour.Classify ( Language/Haskell/HsColour/Classify.hs, dist/build/Language/Haskell/HsColour/Classify.o, dist/build/Language/Haskell/HsColour/Classify.dyn_o )

[;1mLanguage/Haskell/HsColour/Classify.hs:50:39: [;1m[35mwarning:[0m[0m[;1m [[;1m[35m-Wtabs[0m[0m[;1m][0m[0m[;1m
    Tab character found here, and in 7 further locations.
    Suggested fix: Please use spaces instead.[0m[0m
[;1m[34m   |[0m[0m
[;1m[34m50 |[0m[0m glue (q:".":n:rest) | isUpper (head q)[;1m[35m  [0m[0m-- qualified names
[;1m[34m   |[0m[0m[;1m[35m                                       ^^[0m[0m
[ 2 of 16] Compiling Language.Haskell.HsColour.ColourHighlight ( Language/Haskell/HsColour/ColourHighlight.hs, dist/build/Language/Haskell/HsColour/ColourHighlight.o, dist/build/Language/Haskell/HsColour/ColourHighlight.dyn_o )
[ 3 of 16] Compiling Language.Haskell.HsColour.Colourise ( Language/Haskell/HsColour/Colourise.hs, dist/build/Language/Haskell/HsColour/Colourise.o, dist/build/Language/Haskell/HsColour/Colourise.dyn_o )
[ 4 of 16] Compiling Language.Haskell.HsColour.General ( Language/Haskell/HsColour/General.hs, dist/build/Language/Haskell/HsColour/General.o, dist/build/Language/Haskell/HsColour/General.dyn_o )
[ 5 of 16] Compiling Language.Haskell.HsColour.Anchors ( Language/Haskell/HsColour/Anchors.hs, dist/build/Language/Haskell/HsColour/Anchors.o, dist/build/Language/Haskell/HsColour/Anchors.dyn_o )

[;1mLanguage/Haskell/HsColour/Anchors.hs:73:1: [;1m[35mwarning:[0m[0m[;1m [[;1m[35m-Wtabs[0m[0m[;1m][0m[0m[;1m
    Tab character found here, and in four further locations.
    Suggested fix: Please use spaces instead.[0m[0m
[;1m[34m   |[0m[0m
[;1m[34m73 |[0m[0m [;1m[35m        [0m[0m              | v `inST` st     -> Nothing
[;1m[34m   |[0m[0m[;1m[35m ^^^^^^^^[0m[0m
[ 6 of 16] Compiling Language.Haskell.HsColour.HTML ( Language/Haskell/HsColour/HTML.hs, dist/build/Language/Haskell/HsColour/HTML.o, dist/build/Language/Haskell/HsColour/HTML.dyn_o )
[ 7 of 16] Compiling Language.Haskell.HsColour.CSS ( Language/Haskell/HsColour/CSS.hs, dist/build/Language/Haskell/HsColour/CSS.o, dist/build/Language/Haskell/HsColour/CSS.dyn_o )
[ 8 of 16] Compiling Language.Haskell.HsColour.ACSS ( Language/Haskell/HsColour/ACSS.hs, dist/build/Language/Haskell/HsColour/ACSS.o, dist/build/Language/Haskell/HsColour/ACSS.dyn_o )
[ 9 of 16] Compiling Language.Haskell.HsColour.InlineCSS ( Language/Haskell/HsColour/InlineCSS.hs, dist/build/Language/Haskell/HsColour/InlineCSS.o, dist/build/Language/Haskell/HsColour/InlineCSS.dyn_o )

[;1mLanguage/Haskell/HsColour/InlineCSS.hs:12:24: [;1m[35mwarning:[0m[0m[;1m [[;1m[35m-Wtabs[0m[0m[;1m][0m[0m[;1m
    Tab character found here.
    Suggested fix: Please use spaces instead.[0m[0m
[;1m[34m   |[0m[0m
[;1m[34m12 |[0m[0m hscolour :: ColourPrefs[;1m[35m [0m[0m-- ^ Preferences for styling.
[;1m[34m   |[0m[0m[;1m[35m                        ^[0m[0m
[10 of 16] Compiling Language.Haskell.HsColour.LaTeX ( Language/Haskell/HsColour/LaTeX.hs, dist/build/Language/Haskell/HsColour/LaTeX.o, dist/build/Language/Haskell/HsColour/LaTeX.dyn_o )
[11 of 16] Compiling Language.Haskell.HsColour.MIRC ( Language/Haskell/HsColour/MIRC.hs, dist/build/Language/Haskell/HsColour/MIRC.o, dist/build/Language/Haskell/HsColour/MIRC.dyn_o )
[12 of 16] Compiling Language.Haskell.HsColour.Output ( Language/Haskell/HsColour/Output.hs, dist/build/Language/Haskell/HsColour/Output.o, dist/build/Language/Haskell/HsColour/Output.dyn_o )
[13 of 16] Compiling Language.Haskell.HsColour.Options ( Language/Haskell/HsColour/Options.hs, dist/build/Language/Haskell/HsColour/Options.o, dist/build/Language/Haskell/HsColour/Options.dyn_o )

[;1mLanguage/Haskell/HsColour/Options.hs:11:9: [;1m[35mwarning:[0m[0m[;1m [[;1m[35m-Wtabs[0m[0m[;1m][0m[0m[;1m
    Tab character found here, and in 12 further locations.
    Suggested fix: Please use spaces instead.[0m[0m
[;1m[34m   |[0m[0m
[;1m[34m11 |[0m[0m     Help[;1m[35m        [0m[0m        -- ^ print usage message
[;1m[34m   |[0m[0m[;1m[35m         ^^^^^^^^[0m[0m
[14 of 16] Compiling Language.Haskell.HsColour.ANSI ( Language/Haskell/HsColour/ANSI.hs, dist/build/Language/Haskell/HsColour/ANSI.o, dist/build/Language/Haskell/HsColour/ANSI.dyn_o )

[;1mLanguage/Haskell/HsColour/ANSI.hs:62:10: [;1m[35mwarning:[0m[0m[;1m [[;1m[35m-Wmissing-methods[0m[0m[;1m][0m[0m[;1m
    • No explicit implementation for
        ‘toEnum’
    • In the instance declaration for ‘Enum Highlight’[0m[0m
[;1m[34m   |[0m[0m
[;1m[34m62 |[0m[0m instance [;1m[35mEnum Highlight[0m[0m where
[;1m[34m   |[0m[0m[;1m[35m          ^^^^^^^^^^^^^^[0m[0m
[15 of 16] Compiling Language.Haskell.HsColour.TTY ( Language/Haskell/HsColour/TTY.hs, dist/build/Language/Haskell/HsColour/TTY.o, dist/build/Language/Haskell/HsColour/TTY.dyn_o )
[16 of 16] Compiling Language.Haskell.HsColour ( Language/Haskell/HsColour.hs, dist/build/Language/Haskell/HsColour.o, dist/build/Language/Haskell/HsColour.dyn_o )

[;1mLanguage/Haskell/HsColour.hs:37:19: [;1m[35mwarning:[0m[0m[;1m [[;1m[35m-Wtabs[0m[0m[;1m][0m[0m[;1m
    Tab character found here, and in two further locations.
    Suggested fix: Please use spaces instead.[0m[0m
[;1m[34m   |[0m[0m
[;1m[34m37 |[0m[0m          -> String[;1m[35m      [0m[0m-- ^ Title for output.
[;1m[34m   |[0m[0m[;1m[35m                   ^^^^^^[0m[0m
[ 1 of 16] Compiling Language.Haskell.HsColour.Classify ( Language/Haskell/HsColour/Classify.hs, dist/build/Language/Haskell/HsColour/Classify.p_o )

[;1mLanguage/Haskell/HsColour/Classify.hs:50:39: [;1m[35mwarning:[0m[0m[;1m [[;1m[35m-Wtabs[0m[0m[;1m][0m[0m[;1m
    Tab character found here, and in 7 further locations.
    Suggested fix: Please use spaces instead.[0m[0m
[;1m[34m   |[0m[0m
[;1m[34m50 |[0m[0m glue (q:".":n:rest) | isUpper (head q)[;1m[35m  [0m[0m-- qualified names
[;1m[34m   |[0m[0m[;1m[35m                                       ^^[0m[0m
[ 2 of 16] Compiling Language.Haskell.HsColour.ColourHighlight ( Language/Haskell/HsColour/ColourHighlight.hs, dist/build/Language/Haskell/HsColour/ColourHighlight.p_o )
[ 3 of 16] Compiling Language.Haskell.HsColour.Colourise ( Language/Haskell/HsColour/Colourise.hs, dist/build/Language/Haskell/HsColour/Colourise.p_o )
[ 4 of 16] Compiling Language.Haskell.HsColour.General ( Language/Haskell/HsColour/General.hs, dist/build/Language/Haskell/HsColour/General.p_o )
[ 5 of 16] Compiling Language.Haskell.HsColour.Anchors ( Language/Haskell/HsColour/Anchors.hs, dist/build/Language/Haskell/HsColour/Anchors.p_o )

[;1mLanguage/Haskell/HsColour/Anchors.hs:73:1: [;1m[35mwarning:[0m[0m[;1m [[;1m[35m-Wtabs[0m[0m[;1m][0m[0m[;1m
    Tab character found here, and in four further locations.
    Suggested fix: Please use spaces instead.[0m[0m
[;1m[34m   |[0m[0m
[;1m[34m73 |[0m[0m [;1m[35m        [0m[0m              | v `inST` st     -> Nothing
[;1m[34m   |[0m[0m[;1m[35m ^^^^^^^^[0m[0m
[ 6 of 16] Compiling Language.Haskell.HsColour.HTML ( Language/Haskell/HsColour/HTML.hs, dist/build/Language/Haskell/HsColour/HTML.p_o )
[ 7 of 16] Compiling Language.Haskell.HsColour.CSS ( Language/Haskell/HsColour/CSS.hs, dist/build/Language/Haskell/HsColour/CSS.p_o )
[ 8 of 16] Compiling Language.Haskell.HsColour.ACSS ( Language/Haskell/HsColour/ACSS.hs, dist/build/Language/Haskell/HsColour/ACSS.p_o )
[ 9 of 16] Compiling Language.Haskell.HsColour.InlineCSS ( Language/Haskell/HsColour/InlineCSS.hs, dist/build/Language/Haskell/HsColour/InlineCSS.p_o )

[;1mLanguage/Haskell/HsColour/InlineCSS.hs:12:24: [;1m[35mwarning:[0m[0m[;1m [[;1m[35m-Wtabs[0m[0m[;1m][0m[0m[;1m
    Tab character found here.
    Suggested fix: Please use spaces instead.[0m[0m
[;1m[34m   |[0m[0m
[;1m[34m12 |[0m[0m hscolour :: ColourPrefs[;1m[35m [0m[0m-- ^ Preferences for styling.
[;1m[34m   |[0m[0m[;1m[35m                        ^[0m[0m
[10 of 16] Compiling Language.Haskell.HsColour.LaTeX ( Language/Haskell/HsColour/LaTeX.hs, dist/build/Language/Haskell/HsColour/LaTeX.p_o )
[11 of 16] Compiling Language.Haskell.HsColour.MIRC ( Language/Haskell/HsColour/MIRC.hs, dist/build/Language/Haskell/HsColour/MIRC.p_o )
[12 of 16] Compiling Language.Haskell.HsColour.Output ( Language/Haskell/HsColour/Output.hs, dist/build/Language/Haskell/HsColour/Output.p_o )
[13 of 16] Compiling Language.Haskell.HsColour.Options ( Language/Haskell/HsColour/Options.hs, dist/build/Language/Haskell/HsColour/Options.p_o )

[;1mLanguage/Haskell/HsColour/Options.hs:11:9: [;1m[35mwarning:[0m[0m[;1m [[;1m[35m-Wtabs[0m[0m[;1m][0m[0m[;1m
    Tab character found here, and in 12 further locations.
    Suggested fix: Please use spaces instead.[0m[0m
[;1m[34m   |[0m[0m
[;1m[34m11 |[0m[0m     Help[;1m[35m        [0m[0m        -- ^ print usage message
[;1m[34m   |[0m[0m[;1m[35m         ^^^^^^^^[0m[0m
[14 of 16] Compiling Language.Haskell.HsColour.ANSI ( Language/Haskell/HsColour/ANSI.hs, dist/build/Language/Haskell/HsColour/ANSI.p_o )

[;1mLanguage/Haskell/HsColour/ANSI.hs:62:10: [;1m[35mwarning:[0m[0m[;1m [[;1m[35m-Wmissing-methods[0m[0m[;1m][0m[0m[;1m
    • No explicit implementation for
        ‘toEnum’
    • In the instance declaration for ‘Enum Highlight’[0m[0m
[;1m[34m   |[0m[0m
[;1m[34m62 |[0m[0m instance [;1m[35mEnum Highlight[0m[0m where
[;1m[34m   |[0m[0m[;1m[35m          ^^^^^^^^^^^^^^[0m[0m
[15 of 16] Compiling Language.Haskell.HsColour.TTY ( Language/Haskell/HsColour/TTY.hs, dist/build/Language/Haskell/HsColour/TTY.p_o )
[16 of 16] Compiling Language.Haskell.HsColour ( Language/Haskell/HsColour.hs, dist/build/Language/Haskell/HsColour.p_o )

[;1mLanguage/Haskell/HsColour.hs:37:19: [;1m[35mwarning:[0m[0m[;1m [[;1m[35m-Wtabs[0m[0m[;1m][0m[0m[;1m
    Tab character found here, and in two further locations.
    Suggested fix: Please use spaces instead.[0m[0m
[;1m[34m   |[0m[0m
[;1m[34m37 |[0m[0m          -> String[;1m[35m      [0m[0m-- ^ Title for output.
[;1m[34m   |[0m[0m[;1m[35m                   ^^^^^^[0m[0m
Preprocessing executable 'HsColour' for hscolour-1.24.4..
Building executable 'HsColour' for hscolour-1.24.4..

[;1m<no location info>: [;1m[35mwarning:[0m[0m[;1m [[;1m[35m-Wmissing-home-modules[0m[0m[;1m][0m[0m[;1m
    These modules are needed for compilation but not listed in your .cabal file's other-modules for ‘main’ :
        Language.Haskell.HsColour
        Language.Haskell.HsColour.ACSS
        Language.Haskell.HsColour.ANSI
        Language.Haskell.HsColour.Anchors
        Language.Haskell.HsColour.CSS
        Language.Haskell.HsColour.Classify
        Language.Haskell.HsColour.ColourHighlight
        Language.Haskell.HsColour.Colourise
        Language.Haskell.HsColour.General
        Language.Haskell.HsColour.HTML
        Language.Haskell.HsColour.InlineCSS
        Language.Haskell.HsColour.LaTeX
        Language.Haskell.HsColour.MIRC
        Language.Haskell.HsColour.Options
        Language.Haskell.HsColour.Output
        Language.Haskell.HsColour.TTY[0m[0m
[ 1 of 17] Compiling Language.Haskell.HsColour.Classify ( Language/Haskell/HsColour/Classify.hs, dist/build/HsColour/HsColour-tmp/Language/Haskell/HsColour/Classify.o )

[;1mLanguage/Haskell/HsColour/Classify.hs:50:39: [;1m[35mwarning:[0m[0m[;1m [[;1m[35m-Wtabs[0m[0m[;1m][0m[0m[;1m
    Tab character found here, and in 7 further locations.
    Suggested fix: Please use spaces instead.[0m[0m
[;1m[34m   |[0m[0m
[;1m[34m50 |[0m[0m glue (q:".":n:rest) | isUpper (head q)[;1m[35m  [0m[0m-- qualified names
[;1m[34m   |[0m[0m[;1m[35m                                       ^^[0m[0m
[ 2 of 17] Compiling Language.Haskell.HsColour.ColourHighlight ( Language/Haskell/HsColour/ColourHighlight.hs, dist/build/HsColour/HsColour-tmp/Language/Haskell/HsColour/ColourHighlight.o )
[ 3 of 17] Compiling Language.Haskell.HsColour.Colourise ( Language/Haskell/HsColour/Colourise.hs, dist/build/HsColour/HsColour-tmp/Language/Haskell/HsColour/Colourise.o )
[ 4 of 17] Compiling Language.Haskell.HsColour.General ( Language/Haskell/HsColour/General.hs, dist/build/HsColour/HsColour-tmp/Language/Haskell/HsColour/General.o )
[ 5 of 17] Compiling Language.Haskell.HsColour.Anchors ( Language/Haskell/HsColour/Anchors.hs, dist/build/HsColour/HsColour-tmp/Language/Haskell/HsColour/Anchors.o )

[;1mLanguage/Haskell/HsColour/Anchors.hs:73:1: [;1m[35mwarning:[0m[0m[;1m [[;1m[35m-Wtabs[0m[0m[;1m][0m[0m[;1m
    Tab character found here, and in four further locations.
    Suggested fix: Please use spaces instead.[0m[0m
[;1m[34m   |[0m[0m
[;1m[34m73 |[0m[0m [;1m[35m        [0m[0m              | v `inST` st     -> Nothing
[;1m[34m   |[0m[0m[;1m[35m ^^^^^^^^[0m[0m
[ 6 of 17] Compiling Language.Haskell.HsColour.HTML ( Language/Haskell/HsColour/HTML.hs, dist/build/HsColour/HsColour-tmp/Language/Haskell/HsColour/HTML.o )
[ 7 of 17] Compiling Language.Haskell.HsColour.CSS ( Language/Haskell/HsColour/CSS.hs, dist/build/HsColour/HsColour-tmp/Language/Haskell/HsColour/CSS.o )
[ 8 of 17] Compiling Language.Haskell.HsColour.ACSS ( Language/Haskell/HsColour/ACSS.hs, dist/build/HsColour/HsColour-tmp/Language/Haskell/HsColour/ACSS.o )
[ 9 of 17] Compiling Language.Haskell.HsColour.InlineCSS ( Language/Haskell/HsColour/InlineCSS.hs, dist/build/HsColour/HsColour-tmp/Language/Haskell/HsColour/InlineCSS.o )

[;1mLanguage/Haskell/HsColour/InlineCSS.hs:12:24: [;1m[35mwarning:[0m[0m[;1m [[;1m[35m-Wtabs[0m[0m[;1m][0m[0m[;1m
    Tab character found here.
    Suggested fix: Please use spaces instead.[0m[0m
[;1m[34m   |[0m[0m
[;1m[34m12 |[0m[0m hscolour :: ColourPrefs[;1m[35m [0m[0m-- ^ Preferences for styling.
[;1m[34m   |[0m[0m[;1m[35m                        ^[0m[0m
[10 of 17] Compiling Language.Haskell.HsColour.LaTeX ( Language/Haskell/HsColour/LaTeX.hs, dist/build/HsColour/HsColour-tmp/Language/Haskell/HsColour/LaTeX.o )
[11 of 17] Compiling Language.Haskell.HsColour.MIRC ( Language/Haskell/HsColour/MIRC.hs, dist/build/HsColour/HsColour-tmp/Language/Haskell/HsColour/MIRC.o )
[12 of 17] Compiling Language.Haskell.HsColour.Output ( Language/Haskell/HsColour/Output.hs, dist/build/HsColour/HsColour-tmp/Language/Haskell/HsColour/Output.o )
[13 of 17] Compiling Language.Haskell.HsColour.Options ( Language/Haskell/HsColour/Options.hs, dist/build/HsColour/HsColour-tmp/Language/Haskell/HsColour/Options.o )

[;1mLanguage/Haskell/HsColour/Options.hs:11:9: [;1m[35mwarning:[0m[0m[;1m [[;1m[35m-Wtabs[0m[0m[;1m][0m[0m[;1m
    Tab character found here, and in 12 further locations.
    Suggested fix: Please use spaces instead.[0m[0m
[;1m[34m   |[0m[0m
[;1m[34m11 |[0m[0m     Help[;1m[35m        [0m[0m        -- ^ print usage message
[;1m[34m   |[0m[0m[;1m[35m         ^^^^^^^^[0m[0m
[14 of 17] Compiling Language.Haskell.HsColour.ANSI ( Language/Haskell/HsColour/ANSI.hs, dist/build/HsColour/HsColour-tmp/Language/Haskell/HsColour/ANSI.o )

[;1mLanguage/Haskell/HsColour/ANSI.hs:62:10: [;1m[35mwarning:[0m[0m[;1m [[;1m[35m-Wmissing-methods[0m[0m[;1m][0m[0m[;1m
    • No explicit implementation for
        ‘toEnum’
    • In the instance declaration for ‘Enum Highlight’[0m[0m
[;1m[34m   |[0m[0m
[;1m[34m62 |[0m[0m instance [;1m[35mEnum Highlight[0m[0m where
[;1m[34m   |[0m[0m[;1m[35m          ^^^^^^^^^^^^^^[0m[0m
[15 of 17] Compiling Language.Haskell.HsColour.TTY ( Language/Haskell/HsColour/TTY.hs, dist/build/HsColour/HsColour-tmp/Language/Haskell/HsColour/TTY.o )
[16 of 17] Compiling Language.Haskell.HsColour ( Language/Haskell/HsColour.hs, dist/build/HsColour/HsColour-tmp/Language/Haskell/HsColour.o )

[;1mLanguage/Haskell/HsColour.hs:37:19: [;1m[35mwarning:[0m[0m[;1m [[;1m[35m-Wtabs[0m[0m[;1m][0m[0m[;1m
    Tab character found here, and in two further locations.
    Suggested fix: Please use spaces instead.[0m[0m
[;1m[34m   |[0m[0m
[;1m[34m37 |[0m[0m          -> String[;1m[35m      [0m[0m-- ^ Title for output.
[;1m[34m   |[0m[0m[;1m[35m                   ^^^^^^[0m[0m
[17 of 17] Compiling Main             ( HsColour.hs, dist/build/HsColour/HsColour-tmp/Main.o )

[;1mHsColour.hs:72:1: [;1m[35mwarning:[0m[0m[;1m [[;1m[35m-Wtabs[0m[0m[;1m][0m[0m[;1m
    Tab character found here, and in two further locations.
    Suggested fix: Please use spaces instead.[0m[0m
[;1m[34m   |[0m[0m
[;1m[34m72 |[0m[0m [;1m[35m        [0m[0m                      [(f, guessLiterate lhs f) | Input f <- good]
[;1m[34m   |[0m[0m[;1m[35m ^^^^^^^^[0m[0m

[;1m<no location info>: [;1m[35mwarning:[0m[0m[;1m [[;1m[35m-Wmissing-home-modules[0m[0m[;1m][0m[0m[;1m
    These modules are needed for compilation but not listed in your .cabal file's other-modules for ‘main’ :
        Language.Haskell.HsColour
        Language.Haskell.HsColour.ACSS
        Language.Haskell.HsColour.ANSI
        Language.Haskell.HsColour.Anchors
        Language.Haskell.HsColour.CSS
        Language.Haskell.HsColour.Classify
        Language.Haskell.HsColour.ColourHighlight
        Language.Haskell.HsColour.Colourise
        Language.Haskell.HsColour.General
        Language.Haskell.HsColour.HTML
        Language.Haskell.HsColour.InlineCSS
        Language.Haskell.HsColour.LaTeX
        Language.Haskell.HsColour.MIRC
        Language.Haskell.HsColour.Options
        Language.Haskell.HsColour.Output
        Language.Haskell.HsColour.TTY[0m[0m
[18 of 18] Linking dist/build/HsColour/HsColour
@nix { "action": "setPhase", "phase": "checkPhase" }
Running phase: checkPhase
Package has no test suites.
@nix { "action": "setPhase", "phase": "haddockPhase" }
Running phase: haddockPhase
Preprocessing library for hscolour-1.24.4..
Running Haddock on library for hscolour-1.24.4..
Warning: --source-* options are ignored when --hyperlinked-source is enabled.
  66% (  2 /  3) in 'Language.Haskell.HsColour.Classify'
  Missing documentation for:
    Module header

[;1mLanguage/Haskell/HsColour/Classify.hs:50:39: [;1m[35mwarning:[0m[0m[;1m [[;1m[35m-Wtabs[0m[0m[;1m][0m[0m[;1m
    Tab character found here, and in 7 further locations.
    Suggested fix: Please use spaces instead.[0m[0m
[;1m[34m   |[0m[0m
[;1m[34m50 |[0m[0m glue (q:".":n:rest) | isUpper (head q)[;1m[35m  [0m[0m-- qualified names
[;1m[34m   |[0m[0m[;1m[35m                                       ^^[0m[0m
  87% (  7 /  8) in 'Language.Haskell.HsColour.ColourHighlight'
  Missing documentation for:
    Module header
  66% (  4 /  6) in 'Language.Haskell.HsColour.Colourise'
  Missing documentation for:
    Module header
    defaultColourPrefs (Language/Haskell/HsColour/Colourise.hs:27)
   0% (  0 /  3) in 'Language.Haskell.HsColour.General'
  Missing documentation for:
    Module header
    dropLast (Language/Haskell/HsColour/General.hs:7)
    dropFirst (Language/Haskell/HsColour/General.hs:13)
  50% (  1 /  2) in 'Language.Haskell.HsColour.Anchors'
  Missing documentation for:
    Module header

[;1mLanguage/Haskell/HsColour/Anchors.hs:73:1: [;1m[35mwarning:[0m[0m[;1m [[;1m[35m-Wtabs[0m[0m[;1m][0m[0m[;1m
    Tab character found here, and in four further locations.
    Suggested fix: Please use spaces instead.[0m[0m
[;1m[34m   |[0m[0m
[;1m[34m73 |[0m[0m [;1m[35m        [0m[0m              | v `inST` st     -> Nothing
[;1m[34m   |[0m[0m[;1m[35m ^^^^^^^^[0m[0m
  37% (  3 /  8) in 'Language.Haskell.HsColour.HTML'
  Missing documentation for:
    top'n'tail (Language/Haskell/HsColour/HTML.hs:31)
    renderAnchors (Language/Haskell/HsColour/HTML.hs:41)
    renderComment (Language/Haskell/HsColour/HTML.hs:47)
    renderNewLinesAnchors (Language/Haskell/HsColour/HTML.hs:59)
    escape (Language/Haskell/HsColour/HTML.hs:82)
  40% (  2 /  5) in 'Language.Haskell.HsColour.CSS'
  Missing documentation for:
    top'n'tail (Language/Haskell/HsColour/CSS.hs:29)
    renderToken (Language/Haskell/HsColour/CSS.hs:35)
    pre (Language/Haskell/HsColour/CSS.hs:32)
  42% (  3 /  7) in 'Language.Haskell.HsColour.ACSS'
  Missing documentation for:
    AnnMap (Language/Haskell/HsColour/ACSS.hs:24)
    Loc (Language/Haskell/HsColour/ACSS.hs:25)
    breakS (Language/Haskell/HsColour/ACSS.hs:117)
    srcModuleName (Language/Haskell/HsColour/ACSS.hs:107)
  66% (  2 /  3) in 'Language.Haskell.HsColour.InlineCSS'
  Missing documentation for:
    top'n'tail (Language/Haskell/HsColour/InlineCSS.hs:27)

[;1mLanguage/Haskell/HsColour/InlineCSS.hs:12:24: [;1m[35mwarning:[0m[0m[;1m [[;1m[35m-Wtabs[0m[0m[;1m][0m[0m[;1m
    Tab character found here.
    Suggested fix: Please use spaces instead.[0m[0m
[;1m[34m   |[0m[0m
[;1m[34m12 |[0m[0m hscolour :: ColourPrefs[;1m[35m [0m[0m-- ^ Preferences for styling.
[;1m[34m   |[0m[0m[;1m[35m                        ^[0m[0m
  66% (  2 /  3) in 'Language.Haskell.HsColour.LaTeX'
  Missing documentation for:
    top'n'tail (Language/Haskell/HsColour/LaTeX.hs:15)
 100% (  2 /  2) in 'Language.Haskell.HsColour.MIRC'
  33% (  1 /  3) in 'Language.Haskell.HsColour.Output'
  Missing documentation for:
    Module header
    TerminalType (Language/Haskell/HsColour/Output.hs:3)
  50% (  2 /  4) in 'Language.Haskell.HsColour.Options'
  Missing documentation for:
    Module header
    TerminalType (Language/Haskell/HsColour/Output.hs:3)

[;1mLanguage/Haskell/HsColour/Options.hs:11:9: [;1m[35mwarning:[0m[0m[;1m [[;1m[35m-Wtabs[0m[0m[;1m][0m[0m[;1m
    Tab character found here, and in 12 further locations.
    Suggested fix: Please use spaces instead.[0m[0m
[;1m[34m   |[0m[0m
[;1m[34m11 |[0m[0m     Help[;1m[35m        [0m[0m        -- ^ print usage message
[;1m[34m   |[0m[0m[;1m[35m         ^^^^^^^^[0m[0m
  37% ( 10 / 27) in 'Language.Haskell.HsColour.ANSI'
  Missing documentation for:
    highlightOnG (Language/Haskell/HsColour/ANSI.hs:91)
    highlightOff (Language/Haskell/HsColour/ANSI.hs:96)
    cleareol (Language/Haskell/HsColour/ANSI.hs:46)
    clearbol (Language/Haskell/HsColour/ANSI.hs:47)
    clearline (Language/Haskell/HsColour/ANSI.hs:48)
    clearDown (Language/Haskell/HsColour/ANSI.hs:49)
    clearUp (Language/Haskell/HsColour/ANSI.hs:50)
    cursorUp (Language/Haskell/HsColour/ANSI.hs:41)
    cursorDown (Language/Haskell/HsColour/ANSI.hs:42)
    cursorLeft (Language/Haskell/HsColour/ANSI.hs:44)
    cursorRight (Language/Haskell/HsColour/ANSI.hs:43)
    savePosition (Language/Haskell/HsColour/ANSI.hs:55)
    restorePosition (Language/Haskell/HsColour/ANSI.hs:56)
    scrollUp (Language/Haskell/HsColour/ANSI.hs:118)
    scrollDown (Language/Haskell/HsColour/ANSI.hs:116)
    lineWrap (Language/Haskell/HsColour/ANSI.hs:122)
    TerminalType (Language/Haskell/HsColour/Output.hs:3)

[;1mLanguage/Haskell/HsColour/ANSI.hs:62:10: [;1m[35mwarning:[0m[0m[;1m [[;1m[35m-Wmissing-methods[0m[0m[;1m][0m[0m[;1m
    • No explicit implementation for
        ‘toEnum’
    • In the instance declaration for ‘Enum Highlight’[0m[0m
[;1m[34m   |[0m[0m
[;1m[34m62 |[0m[0m instance [;1m[35mEnum Highlight[0m[0m where
[;1m[34m   |[0m[0m[;1m[35m          ^^^^^^^^^^^^^^[0m[0m
 100% (  3 /  3) in 'Language.Haskell.HsColour.TTY'
 100% (  4 /  4) in 'Language.Haskell.HsColour'

[;1mLanguage/Haskell/HsColour.hs:37:19: [;1m[35mwarning:[0m[0m[;1m [[;1m[35m-Wtabs[0m[0m[;1m][0m[0m[;1m
    Tab character found here, and in two further locations.
    Suggested fix: Please use spaces instead.[0m[0m
[;1m[34m   |[0m[0m
[;1m[34m37 |[0m[0m          -> String[;1m[35m      [0m[0m-- ^ Title for output.
[;1m[34m   |[0m[0m[;1m[35m                   ^^^^^^[0m[0m
Warning: Language.Haskell.HsColour.Anchors: could not find link destinations for:

	- Language.Haskell.HsColour.Anchors.Anchor
Documentation created: dist/doc/html/hscolour/index.html,
dist/doc/html/hscolour/hscolour.txt
Preprocessing executable 'HsColour' for hscolour-1.24.4..
@nix { "action": "setPhase", "phase": "installPhase" }
Running phase: installPhase
Installing library in /nix/store/fgs1ji7bgr775qam4qh9ik4lqa2mn697-hscolour-1.24.4/lib/ghc-9.4.8/x86_64-linux-ghc-9.4.8/hscolour-1.24.4-LikLhFzbJcNJDzssHOMzuH
Installing executable HsColour in /nix/store/fgs1ji7bgr775qam4qh9ik4lqa2mn697-hscolour-1.24.4/bin
Warning: The directory
/nix/store/fgs1ji7bgr775qam4qh9ik4lqa2mn697-hscolour-1.24.4/bin is not in the
system search path.
@nix { "action": "setPhase", "phase": "fixupPhase" }
Running phase: fixupPhase
calling 'preFixup' function hook '_moveToShare'
calling 'preFixup' function hook '_multioutDocs'
calling 'preFixup' function hook '_multioutDevs'
evaling 'fixupOutput' string hook 'if [ -z "${dontPatchELF-}" ]; then patchELF "$prefix"; fi'
shrinking RPATHs of ELF executables and libraries in /nix/store/fgs1ji7bgr775qam4qh9ik4lqa2mn697-hscolour-1.24.4
shrinking /nix/store/fgs1ji7bgr775qam4qh9ik4lqa2mn697-hscolour-1.24.4/lib/ghc-9.4.8/x86_64-linux-ghc-9.4.8/libHShscolour-1.24.4-LikLhFzbJcNJDzssHOMzuH-ghc9.4.8.so
shrinking /nix/store/fgs1ji7bgr775qam4qh9ik4lqa2mn697-hscolour-1.24.4/bin/HsColour
evaling 'fixupOutput' string hook 'if [[ -z "${noAuditTmpdir-}" && -e "$prefix" ]]; then auditTmpdir "$prefix"; fi'
checking for references to /build/ in /nix/store/fgs1ji7bgr775qam4qh9ik4lqa2mn697-hscolour-1.24.4...
evaling 'fixupOutput' string hook 'if [ -z "${dontGzipMan-}" ]; then compressManPages "$prefix"; fi'
calling 'fixupOutput' function hook '_moveLib64'
calling 'fixupOutput' function hook '_moveSbin'
calling 'fixupOutput' function hook '_moveSystemdUserUnits'
calling 'fixupOutput' function hook 'patchShebangsAuto'
patching script interpreter paths in /nix/store/fgs1ji7bgr775qam4qh9ik4lqa2mn697-hscolour-1.24.4
calling 'fixupOutput' function hook '_pruneLibtoolFiles'
calling 'fixupOutput' function hook '_doStrip'
stripping (with command strip and flags -S -p) in  /nix/store/fgs1ji7bgr775qam4qh9ik4lqa2mn697-hscolour-1.24.4/lib /nix/store/fgs1ji7bgr775qam4qh9ik4lqa2mn697-hscolour-1.24.4/bin
evaling 'fixupOutput' string hook 'if [ -z "${dontPatchELF-}" ]; then patchELF "$prefix"; fi'
shrinking RPATHs of ELF executables and libraries in /nix/store/10bgzrvviv31pm4shcvsq9alqcv5ylj0-hscolour-1.24.4-data
evaling 'fixupOutput' string hook 'if [[ -z "${noAuditTmpdir-}" && -e "$prefix" ]]; then auditTmpdir "$prefix"; fi'
checking for references to /build/ in /nix/store/10bgzrvviv31pm4shcvsq9alqcv5ylj0-hscolour-1.24.4-data...
evaling 'fixupOutput' string hook 'if [ -z "${dontGzipMan-}" ]; then compressManPages "$prefix"; fi'
calling 'fixupOutput' function hook '_moveLib64'
calling 'fixupOutput' function hook '_moveSbin'
calling 'fixupOutput' function hook '_moveSystemdUserUnits'
calling 'fixupOutput' function hook 'patchShebangsAuto'
patching script interpreter paths in /nix/store/10bgzrvviv31pm4shcvsq9alqcv5ylj0-hscolour-1.24.4-data
calling 'fixupOutput' function hook '_pruneLibtoolFiles'
calling 'fixupOutput' function hook '_doStrip'
evaling 'fixupOutput' string hook 'if [ -z "${dontPatchELF-}" ]; then patchELF "$prefix"; fi'
shrinking RPATHs of ELF executables and libraries in /nix/store/j2lmlyjn8qs14cq4vd9pxqljwc26m6rs-hscolour-1.24.4-doc
evaling 'fixupOutput' string hook 'if [[ -z "${noAuditTmpdir-}" && -e "$prefix" ]]; then auditTmpdir "$prefix"; fi'
checking for references to /build/ in /nix/store/j2lmlyjn8qs14cq4vd9pxqljwc26m6rs-hscolour-1.24.4-doc...
evaling 'fixupOutput' string hook 'if [ -z "${dontGzipMan-}" ]; then compressManPages "$prefix"; fi'
calling 'fixupOutput' function hook '_moveLib64'
calling 'fixupOutput' function hook '_moveSbin'
calling 'fixupOutput' function hook '_moveSystemdUserUnits'
calling 'fixupOutput' function hook 'patchShebangsAuto'
patching script interpreter paths in /nix/store/j2lmlyjn8qs14cq4vd9pxqljwc26m6rs-hscolour-1.24.4-doc
calling 'fixupOutput' function hook '_pruneLibtoolFiles'
calling 'fixupOutput' function hook '_doStrip'
calling 'postFixup' function hook '_makeSymlinksRelativeInAllOutputs'
calling 'postFixup' function hook '_multioutPropagateDev'
