sourcing setup hook '/nix/store/r8fca7034d9skd6da6ifmvn4j52rz5hy-make-shell-wrapper-hook/nix-support/setuphook'
sourcing setup hook '/nix/store/7daynvxr4y5dqrnv0n88pnh84s3qcn3s-die-hook/nix-support/setuphook'
sourcing setup hook '/nix/store/33jvc2jsv20lsx8dp0pwf0rr7xhwwpq9-patchelf-0.15.0/nix-support/setuphook'
sourcing setup hook '/nix/store/qmavq4i2rh012ggwb5fxlvp3pzhxmbkl-update-autotools-gnu-config-scripts-hook/nix-support/setuphook'
sourcing setup hook '/nix/store/h9lc1dpi14z7is86ffhl3ld569138595-audit-tmpdir.sh'
sourcing setup hook '/nix/store/m54bmrhj6fqz8nds5zcj97w9s9bckc9v-compress-man-pages.sh'
sourcing setup hook '/nix/store/wgrbkkaldkrlrni33ccvm3b6vbxzb656-make-symlinks-relative.sh'
sourcing setup hook '/nix/store/5yzw0vhkyszf2d179m0qfkgxmp5wjjx4-move-docs.sh'
sourcing setup hook '/nix/store/fyaryjvghbkpfnsyw97hb3lyb37s1pd6-move-lib64.sh'
sourcing setup hook '/nix/store/kd4xwxjpjxi71jkm6ka0np72if9rm3y0-move-sbin.sh'
sourcing setup hook '/nix/store/pag6l61paj1dc9sv15l7bm5c17xn5kyk-move-systemd-user-units.sh'
sourcing setup hook '/nix/store/jivxp510zxakaaic7qkrb7v1dd2rdbw9-multiple-outputs.sh'
sourcing setup hook '/nix/store/wzdsbnv2ba3nj91aql8jjdddfmkkdh7h-patch-shebangs.sh'
sourcing setup hook '/nix/store/cickvswrvann041nqxb0rxilc46svw1n-prune-libtool-files.sh'
sourcing setup hook '/nix/store/xyff06pkhki3qy1ls77w10s0v79c9il0-reproducible-builds.sh'
sourcing setup hook '/nix/store/ngg1cv31c8c7bcm2n8ww4g06nq7s4zhm-set-source-date-epoch-to-latest.sh'
sourcing setup hook '/nix/store/wmknncrif06fqxa16hpdldhixk95nds0-strip.sh'
sourcing setup hook '/nix/store/w0x01w0vcdzvaj90axjxq6w2p290cp5m-gcc-wrapper-13.2.0/nix-support/setuphook'
sourcing setup hook '/nix/store/1byi00pspg4j6jpvaj4xn2mfkyh28g9g-binutils-wrapper-2.40/nix-support/setuphook'
sourcing setup hook '/nix/store/9zw5gy4cpvhab7sks25jpw1kxnk773w7-ruby-3.1.4/nix-support/setuphook'
calling 'envHostHostHook' function hook 'ccWrapper_addCVars' /nix/store/r8fca7034d9skd6da6ifmvn4j52rz5hy-make-shell-wrapper-hook
calling 'envHostHostHook' function hook 'bintoolsWrapper_addLDVars' /nix/store/r8fca7034d9skd6da6ifmvn4j52rz5hy-make-shell-wrapper-hook
calling 'envHostHostHook' function hook 'addGemPath' /nix/store/r8fca7034d9skd6da6ifmvn4j52rz5hy-make-shell-wrapper-hook
calling 'envHostHostHook' function hook 'addRubyLibPath' /nix/store/r8fca7034d9skd6da6ifmvn4j52rz5hy-make-shell-wrapper-hook
calling 'envHostHostHook' function hook 'ccWrapper_addCVars' /nix/store/7daynvxr4y5dqrnv0n88pnh84s3qcn3s-die-hook
calling 'envHostHostHook' function hook 'bintoolsWrapper_addLDVars' /nix/store/7daynvxr4y5dqrnv0n88pnh84s3qcn3s-die-hook
calling 'envHostHostHook' function hook 'addGemPath' /nix/store/7daynvxr4y5dqrnv0n88pnh84s3qcn3s-die-hook
calling 'envHostHostHook' function hook 'addRubyLibPath' /nix/store/7daynvxr4y5dqrnv0n88pnh84s3qcn3s-die-hook
calling 'envHostHostHook' function hook 'ccWrapper_addCVars' /nix/store/33jvc2jsv20lsx8dp0pwf0rr7xhwwpq9-patchelf-0.15.0
calling 'envHostHostHook' function hook 'bintoolsWrapper_addLDVars' /nix/store/33jvc2jsv20lsx8dp0pwf0rr7xhwwpq9-patchelf-0.15.0
calling 'envHostHostHook' function hook 'addGemPath' /nix/store/33jvc2jsv20lsx8dp0pwf0rr7xhwwpq9-patchelf-0.15.0
calling 'envHostHostHook' function hook 'addRubyLibPath' /nix/store/33jvc2jsv20lsx8dp0pwf0rr7xhwwpq9-patchelf-0.15.0
calling 'envHostHostHook' function hook 'ccWrapper_addCVars' /nix/store/qmavq4i2rh012ggwb5fxlvp3pzhxmbkl-update-autotools-gnu-config-scripts-hook
calling 'envHostHostHook' function hook 'bintoolsWrapper_addLDVars' /nix/store/qmavq4i2rh012ggwb5fxlvp3pzhxmbkl-update-autotools-gnu-config-scripts-hook
calling 'envHostHostHook' function hook 'addGemPath' /nix/store/qmavq4i2rh012ggwb5fxlvp3pzhxmbkl-update-autotools-gnu-config-scripts-hook
calling 'envHostHostHook' function hook 'addRubyLibPath' /nix/store/qmavq4i2rh012ggwb5fxlvp3pzhxmbkl-update-autotools-gnu-config-scripts-hook
calling 'envHostHostHook' function hook 'ccWrapper_addCVars' /nix/store/h9lc1dpi14z7is86ffhl3ld569138595-audit-tmpdir.sh
calling 'envHostHostHook' function hook 'bintoolsWrapper_addLDVars' /nix/store/h9lc1dpi14z7is86ffhl3ld569138595-audit-tmpdir.sh
calling 'envHostHostHook' function hook 'addGemPath' /nix/store/h9lc1dpi14z7is86ffhl3ld569138595-audit-tmpdir.sh
calling 'envHostHostHook' function hook 'addRubyLibPath' /nix/store/h9lc1dpi14z7is86ffhl3ld569138595-audit-tmpdir.sh
calling 'envHostHostHook' function hook 'ccWrapper_addCVars' /nix/store/m54bmrhj6fqz8nds5zcj97w9s9bckc9v-compress-man-pages.sh
calling 'envHostHostHook' function hook 'bintoolsWrapper_addLDVars' /nix/store/m54bmrhj6fqz8nds5zcj97w9s9bckc9v-compress-man-pages.sh
calling 'envHostHostHook' function hook 'addGemPath' /nix/store/m54bmrhj6fqz8nds5zcj97w9s9bckc9v-compress-man-pages.sh
calling 'envHostHostHook' function hook 'addRubyLibPath' /nix/store/m54bmrhj6fqz8nds5zcj97w9s9bckc9v-compress-man-pages.sh
calling 'envHostHostHook' function hook 'ccWrapper_addCVars' /nix/store/wgrbkkaldkrlrni33ccvm3b6vbxzb656-make-symlinks-relative.sh
calling 'envHostHostHook' function hook 'bintoolsWrapper_addLDVars' /nix/store/wgrbkkaldkrlrni33ccvm3b6vbxzb656-make-symlinks-relative.sh
calling 'envHostHostHook' function hook 'addGemPath' /nix/store/wgrbkkaldkrlrni33ccvm3b6vbxzb656-make-symlinks-relative.sh
calling 'envHostHostHook' function hook 'addRubyLibPath' /nix/store/wgrbkkaldkrlrni33ccvm3b6vbxzb656-make-symlinks-relative.sh
calling 'envHostHostHook' function hook 'ccWrapper_addCVars' /nix/store/5yzw0vhkyszf2d179m0qfkgxmp5wjjx4-move-docs.sh
calling 'envHostHostHook' function hook 'bintoolsWrapper_addLDVars' /nix/store/5yzw0vhkyszf2d179m0qfkgxmp5wjjx4-move-docs.sh
calling 'envHostHostHook' function hook 'addGemPath' /nix/store/5yzw0vhkyszf2d179m0qfkgxmp5wjjx4-move-docs.sh
calling 'envHostHostHook' function hook 'addRubyLibPath' /nix/store/5yzw0vhkyszf2d179m0qfkgxmp5wjjx4-move-docs.sh
calling 'envHostHostHook' function hook 'ccWrapper_addCVars' /nix/store/fyaryjvghbkpfnsyw97hb3lyb37s1pd6-move-lib64.sh
calling 'envHostHostHook' function hook 'bintoolsWrapper_addLDVars' /nix/store/fyaryjvghbkpfnsyw97hb3lyb37s1pd6-move-lib64.sh
calling 'envHostHostHook' function hook 'addGemPath' /nix/store/fyaryjvghbkpfnsyw97hb3lyb37s1pd6-move-lib64.sh
calling 'envHostHostHook' function hook 'addRubyLibPath' /nix/store/fyaryjvghbkpfnsyw97hb3lyb37s1pd6-move-lib64.sh
calling 'envHostHostHook' function hook 'ccWrapper_addCVars' /nix/store/kd4xwxjpjxi71jkm6ka0np72if9rm3y0-move-sbin.sh
calling 'envHostHostHook' function hook 'bintoolsWrapper_addLDVars' /nix/store/kd4xwxjpjxi71jkm6ka0np72if9rm3y0-move-sbin.sh
calling 'envHostHostHook' function hook 'addGemPath' /nix/store/kd4xwxjpjxi71jkm6ka0np72if9rm3y0-move-sbin.sh
calling 'envHostHostHook' function hook 'addRubyLibPath' /nix/store/kd4xwxjpjxi71jkm6ka0np72if9rm3y0-move-sbin.sh
calling 'envHostHostHook' function hook 'ccWrapper_addCVars' /nix/store/pag6l61paj1dc9sv15l7bm5c17xn5kyk-move-systemd-user-units.sh
calling 'envHostHostHook' function hook 'bintoolsWrapper_addLDVars' /nix/store/pag6l61paj1dc9sv15l7bm5c17xn5kyk-move-systemd-user-units.sh
calling 'envHostHostHook' function hook 'addGemPath' /nix/store/pag6l61paj1dc9sv15l7bm5c17xn5kyk-move-systemd-user-units.sh
calling 'envHostHostHook' function hook 'addRubyLibPath' /nix/store/pag6l61paj1dc9sv15l7bm5c17xn5kyk-move-systemd-user-units.sh
calling 'envHostHostHook' function hook 'ccWrapper_addCVars' /nix/store/jivxp510zxakaaic7qkrb7v1dd2rdbw9-multiple-outputs.sh
calling 'envHostHostHook' function hook 'bintoolsWrapper_addLDVars' /nix/store/jivxp510zxakaaic7qkrb7v1dd2rdbw9-multiple-outputs.sh
calling 'envHostHostHook' function hook 'addGemPath' /nix/store/jivxp510zxakaaic7qkrb7v1dd2rdbw9-multiple-outputs.sh
calling 'envHostHostHook' function hook 'addRubyLibPath' /nix/store/jivxp510zxakaaic7qkrb7v1dd2rdbw9-multiple-outputs.sh
calling 'envHostHostHook' function hook 'ccWrapper_addCVars' /nix/store/wzdsbnv2ba3nj91aql8jjdddfmkkdh7h-patch-shebangs.sh
calling 'envHostHostHook' function hook 'bintoolsWrapper_addLDVars' /nix/store/wzdsbnv2ba3nj91aql8jjdddfmkkdh7h-patch-shebangs.sh
calling 'envHostHostHook' function hook 'addGemPath' /nix/store/wzdsbnv2ba3nj91aql8jjdddfmkkdh7h-patch-shebangs.sh
calling 'envHostHostHook' function hook 'addRubyLibPath' /nix/store/wzdsbnv2ba3nj91aql8jjdddfmkkdh7h-patch-shebangs.sh
calling 'envHostHostHook' function hook 'ccWrapper_addCVars' /nix/store/cickvswrvann041nqxb0rxilc46svw1n-prune-libtool-files.sh
calling 'envHostHostHook' function hook 'bintoolsWrapper_addLDVars' /nix/store/cickvswrvann041nqxb0rxilc46svw1n-prune-libtool-files.sh
calling 'envHostHostHook' function hook 'addGemPath' /nix/store/cickvswrvann041nqxb0rxilc46svw1n-prune-libtool-files.sh
calling 'envHostHostHook' function hook 'addRubyLibPath' /nix/store/cickvswrvann041nqxb0rxilc46svw1n-prune-libtool-files.sh
calling 'envHostHostHook' function hook 'ccWrapper_addCVars' /nix/store/xyff06pkhki3qy1ls77w10s0v79c9il0-reproducible-builds.sh
calling 'envHostHostHook' function hook 'bintoolsWrapper_addLDVars' /nix/store/xyff06pkhki3qy1ls77w10s0v79c9il0-reproducible-builds.sh
calling 'envHostHostHook' function hook 'addGemPath' /nix/store/xyff06pkhki3qy1ls77w10s0v79c9il0-reproducible-builds.sh
calling 'envHostHostHook' function hook 'addRubyLibPath' /nix/store/xyff06pkhki3qy1ls77w10s0v79c9il0-reproducible-builds.sh
calling 'envHostHostHook' function hook 'ccWrapper_addCVars' /nix/store/ngg1cv31c8c7bcm2n8ww4g06nq7s4zhm-set-source-date-epoch-to-latest.sh
calling 'envHostHostHook' function hook 'bintoolsWrapper_addLDVars' /nix/store/ngg1cv31c8c7bcm2n8ww4g06nq7s4zhm-set-source-date-epoch-to-latest.sh
calling 'envHostHostHook' function hook 'addGemPath' /nix/store/ngg1cv31c8c7bcm2n8ww4g06nq7s4zhm-set-source-date-epoch-to-latest.sh
calling 'envHostHostHook' function hook 'addRubyLibPath' /nix/store/ngg1cv31c8c7bcm2n8ww4g06nq7s4zhm-set-source-date-epoch-to-latest.sh
calling 'envHostHostHook' function hook 'ccWrapper_addCVars' /nix/store/wmknncrif06fqxa16hpdldhixk95nds0-strip.sh
calling 'envHostHostHook' function hook 'bintoolsWrapper_addLDVars' /nix/store/wmknncrif06fqxa16hpdldhixk95nds0-strip.sh
calling 'envHostHostHook' function hook 'addGemPath' /nix/store/wmknncrif06fqxa16hpdldhixk95nds0-strip.sh
calling 'envHostHostHook' function hook 'addRubyLibPath' /nix/store/wmknncrif06fqxa16hpdldhixk95nds0-strip.sh
calling 'envHostHostHook' function hook 'ccWrapper_addCVars' /nix/store/w0x01w0vcdzvaj90axjxq6w2p290cp5m-gcc-wrapper-13.2.0
calling 'envHostHostHook' function hook 'bintoolsWrapper_addLDVars' /nix/store/w0x01w0vcdzvaj90axjxq6w2p290cp5m-gcc-wrapper-13.2.0
calling 'envHostHostHook' function hook 'addGemPath' /nix/store/w0x01w0vcdzvaj90axjxq6w2p290cp5m-gcc-wrapper-13.2.0
calling 'envHostHostHook' function hook 'addRubyLibPath' /nix/store/w0x01w0vcdzvaj90axjxq6w2p290cp5m-gcc-wrapper-13.2.0
calling 'envHostHostHook' function hook 'ccWrapper_addCVars' /nix/store/1byi00pspg4j6jpvaj4xn2mfkyh28g9g-binutils-wrapper-2.40
calling 'envHostHostHook' function hook 'bintoolsWrapper_addLDVars' /nix/store/1byi00pspg4j6jpvaj4xn2mfkyh28g9g-binutils-wrapper-2.40
calling 'envHostHostHook' function hook 'addGemPath' /nix/store/1byi00pspg4j6jpvaj4xn2mfkyh28g9g-binutils-wrapper-2.40
calling 'envHostHostHook' function hook 'addRubyLibPath' /nix/store/1byi00pspg4j6jpvaj4xn2mfkyh28g9g-binutils-wrapper-2.40
calling 'envHostHostHook' function hook 'ccWrapper_addCVars' /nix/store/9zw5gy4cpvhab7sks25jpw1kxnk773w7-ruby-3.1.4
calling 'envHostHostHook' function hook 'bintoolsWrapper_addLDVars' /nix/store/9zw5gy4cpvhab7sks25jpw1kxnk773w7-ruby-3.1.4
calling 'envHostHostHook' function hook 'addGemPath' /nix/store/9zw5gy4cpvhab7sks25jpw1kxnk773w7-ruby-3.1.4
calling 'envHostHostHook' function hook 'addRubyLibPath' /nix/store/9zw5gy4cpvhab7sks25jpw1kxnk773w7-ruby-3.1.4
calling 'envHostTargetHook' function hook 'ccWrapper_addCVars' /nix/store/r8fca7034d9skd6da6ifmvn4j52rz5hy-make-shell-wrapper-hook
calling 'envHostTargetHook' function hook 'bintoolsWrapper_addLDVars' /nix/store/r8fca7034d9skd6da6ifmvn4j52rz5hy-make-shell-wrapper-hook
calling 'envHostTargetHook' function hook 'addGemPath' /nix/store/r8fca7034d9skd6da6ifmvn4j52rz5hy-make-shell-wrapper-hook
calling 'envHostTargetHook' function hook 'addRubyLibPath' /nix/store/r8fca7034d9skd6da6ifmvn4j52rz5hy-make-shell-wrapper-hook
calling 'envHostTargetHook' function hook 'ccWrapper_addCVars' /nix/store/7daynvxr4y5dqrnv0n88pnh84s3qcn3s-die-hook
calling 'envHostTargetHook' function hook 'bintoolsWrapper_addLDVars' /nix/store/7daynvxr4y5dqrnv0n88pnh84s3qcn3s-die-hook
calling 'envHostTargetHook' function hook 'addGemPath' /nix/store/7daynvxr4y5dqrnv0n88pnh84s3qcn3s-die-hook
calling 'envHostTargetHook' function hook 'addRubyLibPath' /nix/store/7daynvxr4y5dqrnv0n88pnh84s3qcn3s-die-hook
calling 'envHostTargetHook' function hook 'ccWrapper_addCVars' /nix/store/33jvc2jsv20lsx8dp0pwf0rr7xhwwpq9-patchelf-0.15.0
calling 'envHostTargetHook' function hook 'bintoolsWrapper_addLDVars' /nix/store/33jvc2jsv20lsx8dp0pwf0rr7xhwwpq9-patchelf-0.15.0
calling 'envHostTargetHook' function hook 'addGemPath' /nix/store/33jvc2jsv20lsx8dp0pwf0rr7xhwwpq9-patchelf-0.15.0
calling 'envHostTargetHook' function hook 'addRubyLibPath' /nix/store/33jvc2jsv20lsx8dp0pwf0rr7xhwwpq9-patchelf-0.15.0
calling 'envHostTargetHook' function hook 'ccWrapper_addCVars' /nix/store/qmavq4i2rh012ggwb5fxlvp3pzhxmbkl-update-autotools-gnu-config-scripts-hook
calling 'envHostTargetHook' function hook 'bintoolsWrapper_addLDVars' /nix/store/qmavq4i2rh012ggwb5fxlvp3pzhxmbkl-update-autotools-gnu-config-scripts-hook
calling 'envHostTargetHook' function hook 'addGemPath' /nix/store/qmavq4i2rh012ggwb5fxlvp3pzhxmbkl-update-autotools-gnu-config-scripts-hook
calling 'envHostTargetHook' function hook 'addRubyLibPath' /nix/store/qmavq4i2rh012ggwb5fxlvp3pzhxmbkl-update-autotools-gnu-config-scripts-hook
calling 'envHostTargetHook' function hook 'ccWrapper_addCVars' /nix/store/h9lc1dpi14z7is86ffhl3ld569138595-audit-tmpdir.sh
calling 'envHostTargetHook' function hook 'bintoolsWrapper_addLDVars' /nix/store/h9lc1dpi14z7is86ffhl3ld569138595-audit-tmpdir.sh
calling 'envHostTargetHook' function hook 'addGemPath' /nix/store/h9lc1dpi14z7is86ffhl3ld569138595-audit-tmpdir.sh
calling 'envHostTargetHook' function hook 'addRubyLibPath' /nix/store/h9lc1dpi14z7is86ffhl3ld569138595-audit-tmpdir.sh
calling 'envHostTargetHook' function hook 'ccWrapper_addCVars' /nix/store/m54bmrhj6fqz8nds5zcj97w9s9bckc9v-compress-man-pages.sh
calling 'envHostTargetHook' function hook 'bintoolsWrapper_addLDVars' /nix/store/m54bmrhj6fqz8nds5zcj97w9s9bckc9v-compress-man-pages.sh
calling 'envHostTargetHook' function hook 'addGemPath' /nix/store/m54bmrhj6fqz8nds5zcj97w9s9bckc9v-compress-man-pages.sh
calling 'envHostTargetHook' function hook 'addRubyLibPath' /nix/store/m54bmrhj6fqz8nds5zcj97w9s9bckc9v-compress-man-pages.sh
calling 'envHostTargetHook' function hook 'ccWrapper_addCVars' /nix/store/wgrbkkaldkrlrni33ccvm3b6vbxzb656-make-symlinks-relative.sh
calling 'envHostTargetHook' function hook 'bintoolsWrapper_addLDVars' /nix/store/wgrbkkaldkrlrni33ccvm3b6vbxzb656-make-symlinks-relative.sh
calling 'envHostTargetHook' function hook 'addGemPath' /nix/store/wgrbkkaldkrlrni33ccvm3b6vbxzb656-make-symlinks-relative.sh
calling 'envHostTargetHook' function hook 'addRubyLibPath' /nix/store/wgrbkkaldkrlrni33ccvm3b6vbxzb656-make-symlinks-relative.sh
calling 'envHostTargetHook' function hook 'ccWrapper_addCVars' /nix/store/5yzw0vhkyszf2d179m0qfkgxmp5wjjx4-move-docs.sh
calling 'envHostTargetHook' function hook 'bintoolsWrapper_addLDVars' /nix/store/5yzw0vhkyszf2d179m0qfkgxmp5wjjx4-move-docs.sh
calling 'envHostTargetHook' function hook 'addGemPath' /nix/store/5yzw0vhkyszf2d179m0qfkgxmp5wjjx4-move-docs.sh
calling 'envHostTargetHook' function hook 'addRubyLibPath' /nix/store/5yzw0vhkyszf2d179m0qfkgxmp5wjjx4-move-docs.sh
calling 'envHostTargetHook' function hook 'ccWrapper_addCVars' /nix/store/fyaryjvghbkpfnsyw97hb3lyb37s1pd6-move-lib64.sh
calling 'envHostTargetHook' function hook 'bintoolsWrapper_addLDVars' /nix/store/fyaryjvghbkpfnsyw97hb3lyb37s1pd6-move-lib64.sh
calling 'envHostTargetHook' function hook 'addGemPath' /nix/store/fyaryjvghbkpfnsyw97hb3lyb37s1pd6-move-lib64.sh
calling 'envHostTargetHook' function hook 'addRubyLibPath' /nix/store/fyaryjvghbkpfnsyw97hb3lyb37s1pd6-move-lib64.sh
calling 'envHostTargetHook' function hook 'ccWrapper_addCVars' /nix/store/kd4xwxjpjxi71jkm6ka0np72if9rm3y0-move-sbin.sh
calling 'envHostTargetHook' function hook 'bintoolsWrapper_addLDVars' /nix/store/kd4xwxjpjxi71jkm6ka0np72if9rm3y0-move-sbin.sh
calling 'envHostTargetHook' function hook 'addGemPath' /nix/store/kd4xwxjpjxi71jkm6ka0np72if9rm3y0-move-sbin.sh
calling 'envHostTargetHook' function hook 'addRubyLibPath' /nix/store/kd4xwxjpjxi71jkm6ka0np72if9rm3y0-move-sbin.sh
calling 'envHostTargetHook' function hook 'ccWrapper_addCVars' /nix/store/pag6l61paj1dc9sv15l7bm5c17xn5kyk-move-systemd-user-units.sh
calling 'envHostTargetHook' function hook 'bintoolsWrapper_addLDVars' /nix/store/pag6l61paj1dc9sv15l7bm5c17xn5kyk-move-systemd-user-units.sh
calling 'envHostTargetHook' function hook 'addGemPath' /nix/store/pag6l61paj1dc9sv15l7bm5c17xn5kyk-move-systemd-user-units.sh
calling 'envHostTargetHook' function hook 'addRubyLibPath' /nix/store/pag6l61paj1dc9sv15l7bm5c17xn5kyk-move-systemd-user-units.sh
calling 'envHostTargetHook' function hook 'ccWrapper_addCVars' /nix/store/jivxp510zxakaaic7qkrb7v1dd2rdbw9-multiple-outputs.sh
calling 'envHostTargetHook' function hook 'bintoolsWrapper_addLDVars' /nix/store/jivxp510zxakaaic7qkrb7v1dd2rdbw9-multiple-outputs.sh
calling 'envHostTargetHook' function hook 'addGemPath' /nix/store/jivxp510zxakaaic7qkrb7v1dd2rdbw9-multiple-outputs.sh
calling 'envHostTargetHook' function hook 'addRubyLibPath' /nix/store/jivxp510zxakaaic7qkrb7v1dd2rdbw9-multiple-outputs.sh
calling 'envHostTargetHook' function hook 'ccWrapper_addCVars' /nix/store/wzdsbnv2ba3nj91aql8jjdddfmkkdh7h-patch-shebangs.sh
calling 'envHostTargetHook' function hook 'bintoolsWrapper_addLDVars' /nix/store/wzdsbnv2ba3nj91aql8jjdddfmkkdh7h-patch-shebangs.sh
calling 'envHostTargetHook' function hook 'addGemPath' /nix/store/wzdsbnv2ba3nj91aql8jjdddfmkkdh7h-patch-shebangs.sh
calling 'envHostTargetHook' function hook 'addRubyLibPath' /nix/store/wzdsbnv2ba3nj91aql8jjdddfmkkdh7h-patch-shebangs.sh
calling 'envHostTargetHook' function hook 'ccWrapper_addCVars' /nix/store/cickvswrvann041nqxb0rxilc46svw1n-prune-libtool-files.sh
calling 'envHostTargetHook' function hook 'bintoolsWrapper_addLDVars' /nix/store/cickvswrvann041nqxb0rxilc46svw1n-prune-libtool-files.sh
calling 'envHostTargetHook' function hook 'addGemPath' /nix/store/cickvswrvann041nqxb0rxilc46svw1n-prune-libtool-files.sh
calling 'envHostTargetHook' function hook 'addRubyLibPath' /nix/store/cickvswrvann041nqxb0rxilc46svw1n-prune-libtool-files.sh
calling 'envHostTargetHook' function hook 'ccWrapper_addCVars' /nix/store/xyff06pkhki3qy1ls77w10s0v79c9il0-reproducible-builds.sh
calling 'envHostTargetHook' function hook 'bintoolsWrapper_addLDVars' /nix/store/xyff06pkhki3qy1ls77w10s0v79c9il0-reproducible-builds.sh
calling 'envHostTargetHook' function hook 'addGemPath' /nix/store/xyff06pkhki3qy1ls77w10s0v79c9il0-reproducible-builds.sh
calling 'envHostTargetHook' function hook 'addRubyLibPath' /nix/store/xyff06pkhki3qy1ls77w10s0v79c9il0-reproducible-builds.sh
calling 'envHostTargetHook' function hook 'ccWrapper_addCVars' /nix/store/ngg1cv31c8c7bcm2n8ww4g06nq7s4zhm-set-source-date-epoch-to-latest.sh
calling 'envHostTargetHook' function hook 'bintoolsWrapper_addLDVars' /nix/store/ngg1cv31c8c7bcm2n8ww4g06nq7s4zhm-set-source-date-epoch-to-latest.sh
calling 'envHostTargetHook' function hook 'addGemPath' /nix/store/ngg1cv31c8c7bcm2n8ww4g06nq7s4zhm-set-source-date-epoch-to-latest.sh
calling 'envHostTargetHook' function hook 'addRubyLibPath' /nix/store/ngg1cv31c8c7bcm2n8ww4g06nq7s4zhm-set-source-date-epoch-to-latest.sh
calling 'envHostTargetHook' function hook 'ccWrapper_addCVars' /nix/store/wmknncrif06fqxa16hpdldhixk95nds0-strip.sh
calling 'envHostTargetHook' function hook 'bintoolsWrapper_addLDVars' /nix/store/wmknncrif06fqxa16hpdldhixk95nds0-strip.sh
calling 'envHostTargetHook' function hook 'addGemPath' /nix/store/wmknncrif06fqxa16hpdldhixk95nds0-strip.sh
calling 'envHostTargetHook' function hook 'addRubyLibPath' /nix/store/wmknncrif06fqxa16hpdldhixk95nds0-strip.sh
calling 'envHostTargetHook' function hook 'ccWrapper_addCVars' /nix/store/w0x01w0vcdzvaj90axjxq6w2p290cp5m-gcc-wrapper-13.2.0
calling 'envHostTargetHook' function hook 'bintoolsWrapper_addLDVars' /nix/store/w0x01w0vcdzvaj90axjxq6w2p290cp5m-gcc-wrapper-13.2.0
calling 'envHostTargetHook' function hook 'addGemPath' /nix/store/w0x01w0vcdzvaj90axjxq6w2p290cp5m-gcc-wrapper-13.2.0
calling 'envHostTargetHook' function hook 'addRubyLibPath' /nix/store/w0x01w0vcdzvaj90axjxq6w2p290cp5m-gcc-wrapper-13.2.0
calling 'envHostTargetHook' function hook 'ccWrapper_addCVars' /nix/store/1byi00pspg4j6jpvaj4xn2mfkyh28g9g-binutils-wrapper-2.40
calling 'envHostTargetHook' function hook 'bintoolsWrapper_addLDVars' /nix/store/1byi00pspg4j6jpvaj4xn2mfkyh28g9g-binutils-wrapper-2.40
calling 'envHostTargetHook' function hook 'addGemPath' /nix/store/1byi00pspg4j6jpvaj4xn2mfkyh28g9g-binutils-wrapper-2.40
calling 'envHostTargetHook' function hook 'addRubyLibPath' /nix/store/1byi00pspg4j6jpvaj4xn2mfkyh28g9g-binutils-wrapper-2.40
calling 'envHostTargetHook' function hook 'ccWrapper_addCVars' /nix/store/9zw5gy4cpvhab7sks25jpw1kxnk773w7-ruby-3.1.4
calling 'envHostTargetHook' function hook 'bintoolsWrapper_addLDVars' /nix/store/9zw5gy4cpvhab7sks25jpw1kxnk773w7-ruby-3.1.4
calling 'envHostTargetHook' function hook 'addGemPath' /nix/store/9zw5gy4cpvhab7sks25jpw1kxnk773w7-ruby-3.1.4
calling 'envHostTargetHook' function hook 'addRubyLibPath' /nix/store/9zw5gy4cpvhab7sks25jpw1kxnk773w7-ruby-3.1.4
@nix { "action": "setPhase", "phase": "unpackPhase" }
Running phase: unpackPhase
unpacking source archive /nix/store/x107pc87z50f0jhf5zsi71whpdlcivqa-source
calling 'unpackCmd' function hook '_defaultUnpack' /nix/store/x107pc87z50f0jhf5zsi71whpdlcivqa-source
source root is source
calling 'postUnpack' function hook '_updateSourceDateEpochFromSourceRoot'
@nix { "action": "setPhase", "phase": "patchPhase" }
Running phase: patchPhase
@nix { "action": "setPhase", "phase": "updateAutotoolsGnuConfigScriptsPhase" }
Running phase: updateAutotoolsGnuConfigScriptsPhase
@nix { "action": "setPhase", "phase": "configurePhase" }
Running phase: configurePhase
calling 'preConfigure' function hook '_multioutConfig'
no configure script, doing nothing
@nix { "action": "setPhase", "phase": "buildPhase" }
Running phase: buildPhase
no Makefile or custom buildPhase, doing nothing
@nix { "action": "setPhase", "phase": "installPhase" }
Running phase: installPhase
@nix { "action": "setPhase", "phase": "fixupPhase" }
Running phase: fixupPhase
calling 'preFixup' function hook '_moveToShare'
calling 'preFixup' function hook '_multioutDocs'
calling 'preFixup' function hook '_multioutDevs'
evaling 'fixupOutput' string hook 'if [ -z "${dontPatchELF-}" ]; then patchELF "$prefix"; fi'
shrinking RPATHs of ELF executables and libraries in /nix/store/fdn1d9r8f4n0jxl9ljp62pf67fhy598r-nix-top-0.3.0
evaling 'fixupOutput' string hook 'if [[ -z "${noAuditTmpdir-}" && -e "$prefix" ]]; then auditTmpdir "$prefix"; fi'
checking for references to /build/ in /nix/store/fdn1d9r8f4n0jxl9ljp62pf67fhy598r-nix-top-0.3.0...
evaling 'fixupOutput' string hook 'if [ -z "${dontGzipMan-}" ]; then compressManPages "$prefix"; fi'
calling 'fixupOutput' function hook '_moveLib64'
calling 'fixupOutput' function hook '_moveSbin'
calling 'fixupOutput' function hook '_moveSystemdUserUnits'
calling 'fixupOutput' function hook 'patchShebangsAuto'
patching script interpreter paths in /nix/store/fdn1d9r8f4n0jxl9ljp62pf67fhy598r-nix-top-0.3.0
/nix/store/fdn1d9r8f4n0jxl9ljp62pf67fhy598r-nix-top-0.3.0/bin/.nix-top-wrapped: interpreter directive changed from "#!/usr/bin/env ruby" to "/nix/store/9zw5gy4cpvhab7sks25jpw1kxnk773w7-ruby-3.1.4/bin/ruby"
calling 'fixupOutput' function hook '_pruneLibtoolFiles'
calling 'fixupOutput' function hook '_doStrip'
stripping (with command strip and flags -S -p) in  /nix/store/fdn1d9r8f4n0jxl9ljp62pf67fhy598r-nix-top-0.3.0/libexec /nix/store/fdn1d9r8f4n0jxl9ljp62pf67fhy598r-nix-top-0.3.0/bin
calling 'postFixup' function hook '_makeSymlinksRelativeInAllOutputs'
calling 'postFixup' function hook '_multioutPropagateDev'
