sourcing setup hook '/nix/store/rz047c8d2w0gszv6g7586jqy610mh280-python3-3.11.7/nix-support/setup-hook'
sourcing setup hook '/nix/store/92d5q43hmbc0hpsivhk27pn1pbi9f48a-wrap-python-hook/nix-support/setup-hook'
sourcing setup hook '/nix/store/6kjc5z0gayh5qncdiz856nmjy5gfkvw3-make-shell-wrapper-hook/nix-support/setup-hook'
sourcing setup hook '/nix/store/ym1r0afa815jfcal2aqkams46khlbk6j-die-hook/nix-support/setup-hook'
sourcing setup hook '/nix/store/a4ijf0kgwr1nw6zzndldw8s1akl8lxsb-ensure-newer-sources-hook/nix-support/setup-hook'
sourcing setup hook '/nix/store/lfksz8y9ijfqmsn6xgrfyy987fw7s9cv-python-remove-tests-dir-hook/nix-support/setup-hook'
Sourcing python-remove-tests-dir-hook
sourcing setup hook '/nix/store/5c741cyjxq4zqv1r9rh994kwhp102i8h-python-remove-bin-bytecode-hook/nix-support/setup-hook'
Sourcing python-remove-bin-bytecode-hook.sh
sourcing setup hook '/nix/store/b7sf26l6xmrkbr9lcaqzi91wr00wdjp6-pypa-build-hook.sh/nix-support/setup-hook'
Sourcing pypa-build-hook
Using pypaBuildPhase
sourcing setup hook '/nix/store/kdsc0qpry3c8h30fivp8401cz20k9n4l-python-runtime-deps-check-hook.sh/nix-support/setup-hook'
Sourcing python-runtime-deps-check-hook
Using pythonRuntimeDepsCheckHook
sourcing setup hook '/nix/store/pn2lb8q7hvhqyzhs4pcj2ilpa8y8rifd-pypa-install-hook/nix-support/setup-hook'
Sourcing pypa-install-hook
Using pypaInstallPhase
sourcing setup hook '/nix/store/rz047c8d2w0gszv6g7586jqy610mh280-python3-3.11.7/nix-support/setup-hook'
sourcing setup hook '/nix/store/2yr33n9mr5gsn8hyk902sr0pkkqfc7xy-python-imports-check-hook.sh/nix-support/setup-hook'
Sourcing python-imports-check-hook.sh
Using pythonImportsCheckPhase
sourcing setup hook '/nix/store/ivg8yxcdf8p1r6h093slnkahzndyh9sp-python-namespaces-hook.sh/nix-support/setup-hook'
Sourcing python-namespaces-hook
sourcing setup hook '/nix/store/nc3shazmwmjpfdszdaxk0w2058ck641w-python-output-dist-hook/nix-support/setup-hook'
Sourcing python-catch-conflicts-hook.sh
sourcing setup hook '/nix/store/i5fkv6rpyxmw8alcccihgppy2k947z8q-patchelf-0.15.0/nix-support/setup-hook'
sourcing setup hook '/nix/store/mvk8wkh6m9cldk39ff8nsgchm9rj8ngv-update-autotools-gnu-config-scripts-hook/nix-support/setup-hook'
sourcing setup hook '/nix/store/h9lc1dpi14z7is86ffhl3ld569138595-audit-tmpdir.sh'
sourcing setup hook '/nix/store/m54bmrhj6fqz8nds5zcj97w9s9bckc9v-compress-man-pages.sh'
sourcing setup hook '/nix/store/wgrbkkaldkrlrni33ccvm3b6vbxzb656-make-symlinks-relative.sh'
sourcing setup hook '/nix/store/5yzw0vhkyszf2d179m0qfkgxmp5wjjx4-move-docs.sh'
sourcing setup hook '/nix/store/fyaryjvghbkpfnsyw97hb3lyb37s1pd6-move-lib64.sh'
sourcing setup hook '/nix/store/kd4xwxjpjxi71jkm6ka0np72if9rm3y0-move-sbin.sh'
sourcing setup hook '/nix/store/pag6l61paj1dc9sv15l7bm5c17xn5kyk-move-systemd-user-units.sh'
sourcing setup hook '/nix/store/jivxp510zxakaaic7qkrb7v1dd2rdbw9-multiple-outputs.sh'
sourcing setup hook '/nix/store/wzdsbnv2ba3nj91aql8jjdddfmkkdh7h-patch-shebangs.sh'
sourcing setup hook '/nix/store/cickvswrvann041nqxb0rxilc46svw1n-prune-libtool-files.sh'
sourcing setup hook '/nix/store/xyff06pkhki3qy1ls77w10s0v79c9il0-reproducible-builds.sh'
sourcing setup hook '/nix/store/ngg1cv31c8c7bcm2n8ww4g06nq7s4zhm-set-source-date-epoch-to-latest.sh'
sourcing setup hook '/nix/store/wmknncrif06fqxa16hpdldhixk95nds0-strip.sh'
sourcing setup hook '/nix/store/bdfnha2hmv89ysz8l3sf8f56p2jfq6fp-gcc-wrapper-13.2.0/nix-support/setup-hook'
sourcing setup hook '/nix/store/zfgj2w9hk26vbsgv7p81j7n9s8ycshi0-binutils-wrapper-2.40/nix-support/setup-hook'
sourcing setup hook '/nix/store/rz047c8d2w0gszv6g7586jqy610mh280-python3-3.11.7/nix-support/setup-hook'
calling 'envBuildHostHook' function hook 'addPythonPath' /nix/store/rz047c8d2w0gszv6g7586jqy610mh280-python3-3.11.7
calling 'envBuildHostHook' function hook 'sysconfigdataHook' /nix/store/rz047c8d2w0gszv6g7586jqy610mh280-python3-3.11.7
calling 'envBuildHostHook' function hook 'addPythonPath' /nix/store/rz047c8d2w0gszv6g7586jqy610mh280-python3-3.11.7
calling 'envBuildHostHook' function hook 'sysconfigdataHook' /nix/store/rz047c8d2w0gszv6g7586jqy610mh280-python3-3.11.7
calling 'envBuildHostHook' function hook 'addPythonPath' /nix/store/92d5q43hmbc0hpsivhk27pn1pbi9f48a-wrap-python-hook
calling 'envBuildHostHook' function hook 'sysconfigdataHook' /nix/store/92d5q43hmbc0hpsivhk27pn1pbi9f48a-wrap-python-hook
calling 'envBuildHostHook' function hook 'addPythonPath' /nix/store/92d5q43hmbc0hpsivhk27pn1pbi9f48a-wrap-python-hook
calling 'envBuildHostHook' function hook 'sysconfigdataHook' /nix/store/92d5q43hmbc0hpsivhk27pn1pbi9f48a-wrap-python-hook
calling 'envBuildHostHook' function hook 'addPythonPath' /nix/store/6kjc5z0gayh5qncdiz856nmjy5gfkvw3-make-shell-wrapper-hook
calling 'envBuildHostHook' function hook 'sysconfigdataHook' /nix/store/6kjc5z0gayh5qncdiz856nmjy5gfkvw3-make-shell-wrapper-hook
calling 'envBuildHostHook' function hook 'addPythonPath' /nix/store/6kjc5z0gayh5qncdiz856nmjy5gfkvw3-make-shell-wrapper-hook
calling 'envBuildHostHook' function hook 'sysconfigdataHook' /nix/store/6kjc5z0gayh5qncdiz856nmjy5gfkvw3-make-shell-wrapper-hook
calling 'envBuildHostHook' function hook 'addPythonPath' /nix/store/ym1r0afa815jfcal2aqkams46khlbk6j-die-hook
calling 'envBuildHostHook' function hook 'sysconfigdataHook' /nix/store/ym1r0afa815jfcal2aqkams46khlbk6j-die-hook
calling 'envBuildHostHook' function hook 'addPythonPath' /nix/store/ym1r0afa815jfcal2aqkams46khlbk6j-die-hook
calling 'envBuildHostHook' function hook 'sysconfigdataHook' /nix/store/ym1r0afa815jfcal2aqkams46khlbk6j-die-hook
calling 'envBuildHostHook' function hook 'addPythonPath' /nix/store/a4ijf0kgwr1nw6zzndldw8s1akl8lxsb-ensure-newer-sources-hook
calling 'envBuildHostHook' function hook 'sysconfigdataHook' /nix/store/a4ijf0kgwr1nw6zzndldw8s1akl8lxsb-ensure-newer-sources-hook
calling 'envBuildHostHook' function hook 'addPythonPath' /nix/store/a4ijf0kgwr1nw6zzndldw8s1akl8lxsb-ensure-newer-sources-hook
calling 'envBuildHostHook' function hook 'sysconfigdataHook' /nix/store/a4ijf0kgwr1nw6zzndldw8s1akl8lxsb-ensure-newer-sources-hook
calling 'envBuildHostHook' function hook 'addPythonPath' /nix/store/lfksz8y9ijfqmsn6xgrfyy987fw7s9cv-python-remove-tests-dir-hook
calling 'envBuildHostHook' function hook 'sysconfigdataHook' /nix/store/lfksz8y9ijfqmsn6xgrfyy987fw7s9cv-python-remove-tests-dir-hook
calling 'envBuildHostHook' function hook 'addPythonPath' /nix/store/lfksz8y9ijfqmsn6xgrfyy987fw7s9cv-python-remove-tests-dir-hook
calling 'envBuildHostHook' function hook 'sysconfigdataHook' /nix/store/lfksz8y9ijfqmsn6xgrfyy987fw7s9cv-python-remove-tests-dir-hook
calling 'envBuildHostHook' function hook 'addPythonPath' /nix/store/5c741cyjxq4zqv1r9rh994kwhp102i8h-python-remove-bin-bytecode-hook
calling 'envBuildHostHook' function hook 'sysconfigdataHook' /nix/store/5c741cyjxq4zqv1r9rh994kwhp102i8h-python-remove-bin-bytecode-hook
calling 'envBuildHostHook' function hook 'addPythonPath' /nix/store/5c741cyjxq4zqv1r9rh994kwhp102i8h-python-remove-bin-bytecode-hook
calling 'envBuildHostHook' function hook 'sysconfigdataHook' /nix/store/5c741cyjxq4zqv1r9rh994kwhp102i8h-python-remove-bin-bytecode-hook
calling 'envBuildHostHook' function hook 'addPythonPath' /nix/store/b7sf26l6xmrkbr9lcaqzi91wr00wdjp6-pypa-build-hook.sh
calling 'envBuildHostHook' function hook 'sysconfigdataHook' /nix/store/b7sf26l6xmrkbr9lcaqzi91wr00wdjp6-pypa-build-hook.sh
calling 'envBuildHostHook' function hook 'addPythonPath' /nix/store/b7sf26l6xmrkbr9lcaqzi91wr00wdjp6-pypa-build-hook.sh
calling 'envBuildHostHook' function hook 'sysconfigdataHook' /nix/store/b7sf26l6xmrkbr9lcaqzi91wr00wdjp6-pypa-build-hook.sh
calling 'envBuildHostHook' function hook 'addPythonPath' /nix/store/kdsc0qpry3c8h30fivp8401cz20k9n4l-python-runtime-deps-check-hook.sh
calling 'envBuildHostHook' function hook 'sysconfigdataHook' /nix/store/kdsc0qpry3c8h30fivp8401cz20k9n4l-python-runtime-deps-check-hook.sh
calling 'envBuildHostHook' function hook 'addPythonPath' /nix/store/kdsc0qpry3c8h30fivp8401cz20k9n4l-python-runtime-deps-check-hook.sh
calling 'envBuildHostHook' function hook 'sysconfigdataHook' /nix/store/kdsc0qpry3c8h30fivp8401cz20k9n4l-python-runtime-deps-check-hook.sh
calling 'envBuildHostHook' function hook 'addPythonPath' /nix/store/d6ng1rfrxypy9r62cdp5wcz4mdn1qls5-python3.11-bootstrap-packaging-23.2
calling 'envBuildHostHook' function hook 'sysconfigdataHook' /nix/store/d6ng1rfrxypy9r62cdp5wcz4mdn1qls5-python3.11-bootstrap-packaging-23.2
calling 'envBuildHostHook' function hook 'addPythonPath' /nix/store/d6ng1rfrxypy9r62cdp5wcz4mdn1qls5-python3.11-bootstrap-packaging-23.2
calling 'envBuildHostHook' function hook 'sysconfigdataHook' /nix/store/d6ng1rfrxypy9r62cdp5wcz4mdn1qls5-python3.11-bootstrap-packaging-23.2
calling 'envBuildHostHook' function hook 'addPythonPath' /nix/store/pn2lb8q7hvhqyzhs4pcj2ilpa8y8rifd-pypa-install-hook
calling 'envBuildHostHook' function hook 'sysconfigdataHook' /nix/store/pn2lb8q7hvhqyzhs4pcj2ilpa8y8rifd-pypa-install-hook
calling 'envBuildHostHook' function hook 'addPythonPath' /nix/store/pn2lb8q7hvhqyzhs4pcj2ilpa8y8rifd-pypa-install-hook
calling 'envBuildHostHook' function hook 'sysconfigdataHook' /nix/store/pn2lb8q7hvhqyzhs4pcj2ilpa8y8rifd-pypa-install-hook
calling 'envBuildHostHook' function hook 'addPythonPath' /nix/store/n09wbkjr9g18d6qznqkrrhlnhywgiy4d-python3.11-installer-0.7.0
calling 'envBuildHostHook' function hook 'sysconfigdataHook' /nix/store/n09wbkjr9g18d6qznqkrrhlnhywgiy4d-python3.11-installer-0.7.0
calling 'envBuildHostHook' function hook 'addPythonPath' /nix/store/n09wbkjr9g18d6qznqkrrhlnhywgiy4d-python3.11-installer-0.7.0
calling 'envBuildHostHook' function hook 'sysconfigdataHook' /nix/store/n09wbkjr9g18d6qznqkrrhlnhywgiy4d-python3.11-installer-0.7.0
calling 'envBuildHostHook' function hook 'addPythonPath' /nix/store/rz047c8d2w0gszv6g7586jqy610mh280-python3-3.11.7
calling 'envBuildHostHook' function hook 'sysconfigdataHook' /nix/store/rz047c8d2w0gszv6g7586jqy610mh280-python3-3.11.7
calling 'envBuildHostHook' function hook 'addPythonPath' /nix/store/rz047c8d2w0gszv6g7586jqy610mh280-python3-3.11.7
calling 'envBuildHostHook' function hook 'sysconfigdataHook' /nix/store/rz047c8d2w0gszv6g7586jqy610mh280-python3-3.11.7
calling 'envBuildHostHook' function hook 'addPythonPath' /nix/store/2yr33n9mr5gsn8hyk902sr0pkkqfc7xy-python-imports-check-hook.sh
calling 'envBuildHostHook' function hook 'sysconfigdataHook' /nix/store/2yr33n9mr5gsn8hyk902sr0pkkqfc7xy-python-imports-check-hook.sh
calling 'envBuildHostHook' function hook 'addPythonPath' /nix/store/2yr33n9mr5gsn8hyk902sr0pkkqfc7xy-python-imports-check-hook.sh
calling 'envBuildHostHook' function hook 'sysconfigdataHook' /nix/store/2yr33n9mr5gsn8hyk902sr0pkkqfc7xy-python-imports-check-hook.sh
calling 'envBuildHostHook' function hook 'addPythonPath' /nix/store/ivg8yxcdf8p1r6h093slnkahzndyh9sp-python-namespaces-hook.sh
calling 'envBuildHostHook' function hook 'sysconfigdataHook' /nix/store/ivg8yxcdf8p1r6h093slnkahzndyh9sp-python-namespaces-hook.sh
calling 'envBuildHostHook' function hook 'addPythonPath' /nix/store/ivg8yxcdf8p1r6h093slnkahzndyh9sp-python-namespaces-hook.sh
calling 'envBuildHostHook' function hook 'sysconfigdataHook' /nix/store/ivg8yxcdf8p1r6h093slnkahzndyh9sp-python-namespaces-hook.sh
calling 'envBuildHostHook' function hook 'addPythonPath' /nix/store/nc3shazmwmjpfdszdaxk0w2058ck641w-python-output-dist-hook
calling 'envBuildHostHook' function hook 'sysconfigdataHook' /nix/store/nc3shazmwmjpfdszdaxk0w2058ck641w-python-output-dist-hook
calling 'envBuildHostHook' function hook 'addPythonPath' /nix/store/nc3shazmwmjpfdszdaxk0w2058ck641w-python-output-dist-hook
calling 'envBuildHostHook' function hook 'sysconfigdataHook' /nix/store/nc3shazmwmjpfdszdaxk0w2058ck641w-python-output-dist-hook
calling 'envBuildHostHook' function hook 'addPythonPath' /nix/store/6myss0cg5zy6cdgzmh395as96hhv688c-python3.11-flit-core-3.9.0
calling 'envBuildHostHook' function hook 'sysconfigdataHook' /nix/store/6myss0cg5zy6cdgzmh395as96hhv688c-python3.11-flit-core-3.9.0
calling 'envBuildHostHook' function hook 'addPythonPath' /nix/store/6myss0cg5zy6cdgzmh395as96hhv688c-python3.11-flit-core-3.9.0
calling 'envBuildHostHook' function hook 'sysconfigdataHook' /nix/store/6myss0cg5zy6cdgzmh395as96hhv688c-python3.11-flit-core-3.9.0
calling 'envBuildHostHook' function hook 'addPythonPath' /nix/store/i5fkv6rpyxmw8alcccihgppy2k947z8q-patchelf-0.15.0
calling 'envBuildHostHook' function hook 'sysconfigdataHook' /nix/store/i5fkv6rpyxmw8alcccihgppy2k947z8q-patchelf-0.15.0
calling 'envBuildHostHook' function hook 'addPythonPath' /nix/store/i5fkv6rpyxmw8alcccihgppy2k947z8q-patchelf-0.15.0
calling 'envBuildHostHook' function hook 'sysconfigdataHook' /nix/store/i5fkv6rpyxmw8alcccihgppy2k947z8q-patchelf-0.15.0
calling 'envBuildHostHook' function hook 'addPythonPath' /nix/store/mvk8wkh6m9cldk39ff8nsgchm9rj8ngv-update-autotools-gnu-config-scripts-hook
calling 'envBuildHostHook' function hook 'sysconfigdataHook' /nix/store/mvk8wkh6m9cldk39ff8nsgchm9rj8ngv-update-autotools-gnu-config-scripts-hook
calling 'envBuildHostHook' function hook 'addPythonPath' /nix/store/mvk8wkh6m9cldk39ff8nsgchm9rj8ngv-update-autotools-gnu-config-scripts-hook
calling 'envBuildHostHook' function hook 'sysconfigdataHook' /nix/store/mvk8wkh6m9cldk39ff8nsgchm9rj8ngv-update-autotools-gnu-config-scripts-hook
calling 'envBuildHostHook' function hook 'addPythonPath' /nix/store/h9lc1dpi14z7is86ffhl3ld569138595-audit-tmpdir.sh
calling 'envBuildHostHook' function hook 'sysconfigdataHook' /nix/store/h9lc1dpi14z7is86ffhl3ld569138595-audit-tmpdir.sh
calling 'envBuildHostHook' function hook 'addPythonPath' /nix/store/h9lc1dpi14z7is86ffhl3ld569138595-audit-tmpdir.sh
calling 'envBuildHostHook' function hook 'sysconfigdataHook' /nix/store/h9lc1dpi14z7is86ffhl3ld569138595-audit-tmpdir.sh
calling 'envBuildHostHook' function hook 'addPythonPath' /nix/store/m54bmrhj6fqz8nds5zcj97w9s9bckc9v-compress-man-pages.sh
calling 'envBuildHostHook' function hook 'sysconfigdataHook' /nix/store/m54bmrhj6fqz8nds5zcj97w9s9bckc9v-compress-man-pages.sh
calling 'envBuildHostHook' function hook 'addPythonPath' /nix/store/m54bmrhj6fqz8nds5zcj97w9s9bckc9v-compress-man-pages.sh
calling 'envBuildHostHook' function hook 'sysconfigdataHook' /nix/store/m54bmrhj6fqz8nds5zcj97w9s9bckc9v-compress-man-pages.sh
calling 'envBuildHostHook' function hook 'addPythonPath' /nix/store/wgrbkkaldkrlrni33ccvm3b6vbxzb656-make-symlinks-relative.sh
calling 'envBuildHostHook' function hook 'sysconfigdataHook' /nix/store/wgrbkkaldkrlrni33ccvm3b6vbxzb656-make-symlinks-relative.sh
calling 'envBuildHostHook' function hook 'addPythonPath' /nix/store/wgrbkkaldkrlrni33ccvm3b6vbxzb656-make-symlinks-relative.sh
calling 'envBuildHostHook' function hook 'sysconfigdataHook' /nix/store/wgrbkkaldkrlrni33ccvm3b6vbxzb656-make-symlinks-relative.sh
calling 'envBuildHostHook' function hook 'addPythonPath' /nix/store/5yzw0vhkyszf2d179m0qfkgxmp5wjjx4-move-docs.sh
calling 'envBuildHostHook' function hook 'sysconfigdataHook' /nix/store/5yzw0vhkyszf2d179m0qfkgxmp5wjjx4-move-docs.sh
calling 'envBuildHostHook' function hook 'addPythonPath' /nix/store/5yzw0vhkyszf2d179m0qfkgxmp5wjjx4-move-docs.sh
calling 'envBuildHostHook' function hook 'sysconfigdataHook' /nix/store/5yzw0vhkyszf2d179m0qfkgxmp5wjjx4-move-docs.sh
calling 'envBuildHostHook' function hook 'addPythonPath' /nix/store/fyaryjvghbkpfnsyw97hb3lyb37s1pd6-move-lib64.sh
calling 'envBuildHostHook' function hook 'sysconfigdataHook' /nix/store/fyaryjvghbkpfnsyw97hb3lyb37s1pd6-move-lib64.sh
calling 'envBuildHostHook' function hook 'addPythonPath' /nix/store/fyaryjvghbkpfnsyw97hb3lyb37s1pd6-move-lib64.sh
calling 'envBuildHostHook' function hook 'sysconfigdataHook' /nix/store/fyaryjvghbkpfnsyw97hb3lyb37s1pd6-move-lib64.sh
calling 'envBuildHostHook' function hook 'addPythonPath' /nix/store/kd4xwxjpjxi71jkm6ka0np72if9rm3y0-move-sbin.sh
calling 'envBuildHostHook' function hook 'sysconfigdataHook' /nix/store/kd4xwxjpjxi71jkm6ka0np72if9rm3y0-move-sbin.sh
calling 'envBuildHostHook' function hook 'addPythonPath' /nix/store/kd4xwxjpjxi71jkm6ka0np72if9rm3y0-move-sbin.sh
calling 'envBuildHostHook' function hook 'sysconfigdataHook' /nix/store/kd4xwxjpjxi71jkm6ka0np72if9rm3y0-move-sbin.sh
calling 'envBuildHostHook' function hook 'addPythonPath' /nix/store/pag6l61paj1dc9sv15l7bm5c17xn5kyk-move-systemd-user-units.sh
calling 'envBuildHostHook' function hook 'sysconfigdataHook' /nix/store/pag6l61paj1dc9sv15l7bm5c17xn5kyk-move-systemd-user-units.sh
calling 'envBuildHostHook' function hook 'addPythonPath' /nix/store/pag6l61paj1dc9sv15l7bm5c17xn5kyk-move-systemd-user-units.sh
calling 'envBuildHostHook' function hook 'sysconfigdataHook' /nix/store/pag6l61paj1dc9sv15l7bm5c17xn5kyk-move-systemd-user-units.sh
calling 'envBuildHostHook' function hook 'addPythonPath' /nix/store/jivxp510zxakaaic7qkrb7v1dd2rdbw9-multiple-outputs.sh
calling 'envBuildHostHook' function hook 'sysconfigdataHook' /nix/store/jivxp510zxakaaic7qkrb7v1dd2rdbw9-multiple-outputs.sh
calling 'envBuildHostHook' function hook 'addPythonPath' /nix/store/jivxp510zxakaaic7qkrb7v1dd2rdbw9-multiple-outputs.sh
calling 'envBuildHostHook' function hook 'sysconfigdataHook' /nix/store/jivxp510zxakaaic7qkrb7v1dd2rdbw9-multiple-outputs.sh
calling 'envBuildHostHook' function hook 'addPythonPath' /nix/store/wzdsbnv2ba3nj91aql8jjdddfmkkdh7h-patch-shebangs.sh
calling 'envBuildHostHook' function hook 'sysconfigdataHook' /nix/store/wzdsbnv2ba3nj91aql8jjdddfmkkdh7h-patch-shebangs.sh
calling 'envBuildHostHook' function hook 'addPythonPath' /nix/store/wzdsbnv2ba3nj91aql8jjdddfmkkdh7h-patch-shebangs.sh
calling 'envBuildHostHook' function hook 'sysconfigdataHook' /nix/store/wzdsbnv2ba3nj91aql8jjdddfmkkdh7h-patch-shebangs.sh
calling 'envBuildHostHook' function hook 'addPythonPath' /nix/store/cickvswrvann041nqxb0rxilc46svw1n-prune-libtool-files.sh
calling 'envBuildHostHook' function hook 'sysconfigdataHook' /nix/store/cickvswrvann041nqxb0rxilc46svw1n-prune-libtool-files.sh
calling 'envBuildHostHook' function hook 'addPythonPath' /nix/store/cickvswrvann041nqxb0rxilc46svw1n-prune-libtool-files.sh
calling 'envBuildHostHook' function hook 'sysconfigdataHook' /nix/store/cickvswrvann041nqxb0rxilc46svw1n-prune-libtool-files.sh
calling 'envBuildHostHook' function hook 'addPythonPath' /nix/store/xyff06pkhki3qy1ls77w10s0v79c9il0-reproducible-builds.sh
calling 'envBuildHostHook' function hook 'sysconfigdataHook' /nix/store/xyff06pkhki3qy1ls77w10s0v79c9il0-reproducible-builds.sh
calling 'envBuildHostHook' function hook 'addPythonPath' /nix/store/xyff06pkhki3qy1ls77w10s0v79c9il0-reproducible-builds.sh
calling 'envBuildHostHook' function hook 'sysconfigdataHook' /nix/store/xyff06pkhki3qy1ls77w10s0v79c9il0-reproducible-builds.sh
calling 'envBuildHostHook' function hook 'addPythonPath' /nix/store/ngg1cv31c8c7bcm2n8ww4g06nq7s4zhm-set-source-date-epoch-to-latest.sh
calling 'envBuildHostHook' function hook 'sysconfigdataHook' /nix/store/ngg1cv31c8c7bcm2n8ww4g06nq7s4zhm-set-source-date-epoch-to-latest.sh
calling 'envBuildHostHook' function hook 'addPythonPath' /nix/store/ngg1cv31c8c7bcm2n8ww4g06nq7s4zhm-set-source-date-epoch-to-latest.sh
calling 'envBuildHostHook' function hook 'sysconfigdataHook' /nix/store/ngg1cv31c8c7bcm2n8ww4g06nq7s4zhm-set-source-date-epoch-to-latest.sh
calling 'envBuildHostHook' function hook 'addPythonPath' /nix/store/wmknncrif06fqxa16hpdldhixk95nds0-strip.sh
calling 'envBuildHostHook' function hook 'sysconfigdataHook' /nix/store/wmknncrif06fqxa16hpdldhixk95nds0-strip.sh
calling 'envBuildHostHook' function hook 'addPythonPath' /nix/store/wmknncrif06fqxa16hpdldhixk95nds0-strip.sh
calling 'envBuildHostHook' function hook 'sysconfigdataHook' /nix/store/wmknncrif06fqxa16hpdldhixk95nds0-strip.sh
calling 'envBuildHostHook' function hook 'addPythonPath' /nix/store/bdfnha2hmv89ysz8l3sf8f56p2jfq6fp-gcc-wrapper-13.2.0
calling 'envBuildHostHook' function hook 'sysconfigdataHook' /nix/store/bdfnha2hmv89ysz8l3sf8f56p2jfq6fp-gcc-wrapper-13.2.0
calling 'envBuildHostHook' function hook 'addPythonPath' /nix/store/bdfnha2hmv89ysz8l3sf8f56p2jfq6fp-gcc-wrapper-13.2.0
calling 'envBuildHostHook' function hook 'sysconfigdataHook' /nix/store/bdfnha2hmv89ysz8l3sf8f56p2jfq6fp-gcc-wrapper-13.2.0
calling 'envBuildHostHook' function hook 'addPythonPath' /nix/store/zfgj2w9hk26vbsgv7p81j7n9s8ycshi0-binutils-wrapper-2.40
calling 'envBuildHostHook' function hook 'sysconfigdataHook' /nix/store/zfgj2w9hk26vbsgv7p81j7n9s8ycshi0-binutils-wrapper-2.40
calling 'envBuildHostHook' function hook 'addPythonPath' /nix/store/zfgj2w9hk26vbsgv7p81j7n9s8ycshi0-binutils-wrapper-2.40
calling 'envBuildHostHook' function hook 'sysconfigdataHook' /nix/store/zfgj2w9hk26vbsgv7p81j7n9s8ycshi0-binutils-wrapper-2.40
calling 'envHostTargetHook' function hook 'ccWrapper_addCVars' /nix/store/33szj32avcyrc481w4hlv9b3m3zahr7f-python3.11-packaging-23.2
calling 'envHostTargetHook' function hook 'bintoolsWrapper_addLDVars' /nix/store/33szj32avcyrc481w4hlv9b3m3zahr7f-python3.11-packaging-23.2
calling 'envHostTargetHook' function hook 'addPythonPath' /nix/store/33szj32avcyrc481w4hlv9b3m3zahr7f-python3.11-packaging-23.2
calling 'envHostTargetHook' function hook 'sysconfigdataHook' /nix/store/33szj32avcyrc481w4hlv9b3m3zahr7f-python3.11-packaging-23.2
calling 'envHostTargetHook' function hook 'ccWrapper_addCVars' /nix/store/rz047c8d2w0gszv6g7586jqy610mh280-python3-3.11.7
calling 'envHostTargetHook' function hook 'bintoolsWrapper_addLDVars' /nix/store/rz047c8d2w0gszv6g7586jqy610mh280-python3-3.11.7
calling 'envHostTargetHook' function hook 'addPythonPath' /nix/store/rz047c8d2w0gszv6g7586jqy610mh280-python3-3.11.7
calling 'envHostTargetHook' function hook 'sysconfigdataHook' /nix/store/rz047c8d2w0gszv6g7586jqy610mh280-python3-3.11.7
calling 'envHostTargetHook' function hook 'ccWrapper_addCVars' /nix/store/j59sv4myfhwgzzhdnlb4yblkd1lxbcch-python3.11-pyproject-hooks-1.0.0
calling 'envHostTargetHook' function hook 'bintoolsWrapper_addLDVars' /nix/store/j59sv4myfhwgzzhdnlb4yblkd1lxbcch-python3.11-pyproject-hooks-1.0.0
calling 'envHostTargetHook' function hook 'addPythonPath' /nix/store/j59sv4myfhwgzzhdnlb4yblkd1lxbcch-python3.11-pyproject-hooks-1.0.0
calling 'envHostTargetHook' function hook 'sysconfigdataHook' /nix/store/j59sv4myfhwgzzhdnlb4yblkd1lxbcch-python3.11-pyproject-hooks-1.0.0
@nix { "action": "setPhase", "phase": "unpackPhase" }
Running phase: unpackPhase
unpacking source archive /nix/store/2byxphixs4wdjy8pz97nz3yra2d7s8qd-source
source root is source
calling 'postUnpack' function hook '_ensureNewerSources'
calling 'postUnpack' function hook '_updateSourceDateEpochFromSourceRoot'
setting SOURCE_DATE_EPOCH to timestamp 315619200 of file source/tox.ini
@nix { "action": "setPhase", "phase": "patchPhase" }
Running phase: patchPhase
evaling implicit 'postPatch' string hook
@nix { "action": "setPhase", "phase": "updateAutotoolsGnuConfigScriptsPhase" }
Running phase: updateAutotoolsGnuConfigScriptsPhase
@nix { "action": "setPhase", "phase": "configurePhase" }
Running phase: configurePhase
calling 'preConfigure' function hook '_multioutConfig'
no configure script, doing nothing
@nix { "action": "setPhase", "phase": "buildPhase" }
Running phase: buildPhase
Executing pypaBuildPhase
Creating a wheel...
[1m* Getting build dependencies for wheel...[0m
[1m* Building wheel...[0m
[1m[92mSuccessfully built [4mbuild-1.0.3-py3-none-any.whl[0m[1m[92m[0m
Finished creating a wheel...
Finished executing pypaBuildPhase
@nix { "action": "setPhase", "phase": "pythonRuntimeDepsCheckHook" }
Running phase: pythonRuntimeDepsCheckHook
Executing pythonRuntimeDepsCheck
Checking runtime dependencies for build-1.0.3-py3-none-any.whl
Finished executing pythonRuntimeDepsCheck
@nix { "action": "setPhase", "phase": "installPhase" }
Running phase: installPhase
Executing pypaInstallPhase
Successfully installed build-1.0.3-py3-none-any.whl
Finished executing pypaInstallPhase
@nix { "action": "setPhase", "phase": "pythonOutputDistPhase" }
Running phase: pythonOutputDistPhase
Executing pythonOutputDistPhase
Finished executing pythonOutputDistPhase
@nix { "action": "setPhase", "phase": "fixupPhase" }
Running phase: fixupPhase
calling 'preFixup' function hook '_moveToShare'
calling 'preFixup' function hook '_multioutDocs'
calling 'preFixup' function hook '_multioutDevs'
evaling 'fixupOutput' string hook 'if [ -z "${dontPatchELF-}" ]; then patchELF "$prefix"; fi'
shrinking RPATHs of ELF executables and libraries in /nix/store/vb3c56xp620spwlp69nh3lfkbskz0c48-python3.11-build-1.0.3
evaling 'fixupOutput' string hook 'if [[ -z "${noAuditTmpdir-}" && -e "$prefix" ]]; then auditTmpdir "$prefix"; fi'
checking for references to /build/ in /nix/store/vb3c56xp620spwlp69nh3lfkbskz0c48-python3.11-build-1.0.3...
evaling 'fixupOutput' string hook 'if [ -z "${dontGzipMan-}" ]; then compressManPages "$prefix"; fi'
calling 'fixupOutput' function hook '_moveLib64'
calling 'fixupOutput' function hook '_moveSbin'
calling 'fixupOutput' function hook '_moveSystemdUserUnits'
calling 'fixupOutput' function hook 'patchShebangsAuto'
patching script interpreter paths in /nix/store/vb3c56xp620spwlp69nh3lfkbskz0c48-python3.11-build-1.0.3
calling 'fixupOutput' function hook '_pruneLibtoolFiles'
calling 'fixupOutput' function hook '_doStrip'
stripping (with command strip and flags -S -p) in  /nix/store/vb3c56xp620spwlp69nh3lfkbskz0c48-python3.11-build-1.0.3/lib /nix/store/vb3c56xp620spwlp69nh3lfkbskz0c48-python3.11-build-1.0.3/bin
evaling 'fixupOutput' string hook 'if [ -z "${dontPatchELF-}" ]; then patchELF "$prefix"; fi'
shrinking RPATHs of ELF executables and libraries in /nix/store/bkjy424vk765iy88zmhclfi2bhaq5461-python3.11-build-1.0.3-dist
evaling 'fixupOutput' string hook 'if [[ -z "${noAuditTmpdir-}" && -e "$prefix" ]]; then auditTmpdir "$prefix"; fi'
checking for references to /build/ in /nix/store/bkjy424vk765iy88zmhclfi2bhaq5461-python3.11-build-1.0.3-dist...
evaling 'fixupOutput' string hook 'if [ -z "${dontGzipMan-}" ]; then compressManPages "$prefix"; fi'
calling 'fixupOutput' function hook '_moveLib64'
calling 'fixupOutput' function hook '_moveSbin'
calling 'fixupOutput' function hook '_moveSystemdUserUnits'
calling 'fixupOutput' function hook 'patchShebangsAuto'
patching script interpreter paths in /nix/store/bkjy424vk765iy88zmhclfi2bhaq5461-python3.11-build-1.0.3-dist
calling 'fixupOutput' function hook '_pruneLibtoolFiles'
calling 'fixupOutput' function hook '_doStrip'
evaling implicit 'postFixup' string hook
Rewriting #!/nix/store/rz047c8d2w0gszv6g7586jqy610mh280-python3-3.11.7/bin/python3.11 to #!/nix/store/rz047c8d2w0gszv6g7586jqy610mh280-python3-3.11.7
wrapping `/nix/store/vb3c56xp620spwlp69nh3lfkbskz0c48-python3.11-build-1.0.3/bin/pyproject-build'...
calling 'postFixup' function hook 'pythonRemoveTestsDir'
Executing pythonRemoveTestsDir
Finished executing pythonRemoveTestsDir
calling 'postFixup' function hook '_makeSymlinksRelativeInAllOutputs'
calling 'postFixup' function hook '_multioutPropagateDev'
@nix { "action": "setPhase", "phase": "pythonRemoveBinBytecodePhase" }
Running phase: pythonRemoveBinBytecodePhase
@nix { "action": "setPhase", "phase": "pythonImportsCheckPhase" }
Running phase: pythonImportsCheckPhase
Executing pythonImportsCheckPhase
Check whether the following modules can be imported: build
